{"/home/ss/project/mitra-flow/src/core/repositories/bill.repository.js": {"path":"/home/ss/project/mitra-flow/src/core/repositories/bill.repository.js","statementMap":{"0":{"start":{"line":7,"column":2},"end":{"line":13,"column":null}},"1":{"start":{"line":17,"column":2},"end":{"line":21,"column":null}},"2":{"start":{"line":25,"column":2},"end":{"line":28,"column":null}},"3":{"start":{"line":32,"column":14},"end":{"line":36,"column":38}},"4":{"start":{"line":38,"column":2},"end":{"line":38,"column":null}},"5":{"start":{"line":38,"column":14},"end":{"line":38,"column":null}},"6":{"start":{"line":40,"column":2},"end":{"line":40,"column":null}}},"fnMap":{"0":{"name":"upsertBills","decl":{"start":{"line":6,"column":22},"end":{"line":6,"column":33}},"loc":{"start":{"line":6,"column":77},"end":{"line":14,"column":null}},"line":6},"1":{"name":"findByIdWithCustomer","decl":{"start":{"line":16,"column":22},"end":{"line":16,"column":42}},"loc":{"start":{"line":16,"column":57},"end":{"line":22,"column":null}},"line":16},"2":{"name":"updateStatus","decl":{"start":{"line":24,"column":22},"end":{"line":24,"column":34}},"loc":{"start":{"line":24,"column":58},"end":{"line":29,"column":null}},"line":24},"3":{"name":"findAll","decl":{"start":{"line":31,"column":22},"end":{"line":31,"column":29}},"loc":{"start":{"line":31,"column":88},"end":{"line":41,"column":null}},"line":31}},"branchMap":{"0":{"loc":{"start":{"line":6,"column":51},"end":{"line":6,"column":75}},"type":"default-arg","locations":[{"start":{"line":6,"column":70},"end":{"line":6,"column":75}}],"line":6},"1":{"loc":{"start":{"line":31,"column":40},"end":{"line":31,"column":86}},"type":"default-arg","locations":[{"start":{"line":31,"column":84},"end":{"line":31,"column":86}}],"line":31},"2":{"loc":{"start":{"line":31,"column":42},"end":{"line":31,"column":52}},"type":"default-arg","locations":[{"start":{"line":31,"column":50},"end":{"line":31,"column":52}}],"line":31},"3":{"loc":{"start":{"line":31,"column":54},"end":{"line":31,"column":64}},"type":"default-arg","locations":[{"start":{"line":31,"column":63},"end":{"line":31,"column":64}}],"line":31},"4":{"loc":{"start":{"line":31,"column":66},"end":{"line":31,"column":79}},"type":"default-arg","locations":[{"start":{"line":31,"column":75},"end":{"line":31,"column":79}}],"line":31},"5":{"loc":{"start":{"line":38,"column":2},"end":{"line":38,"column":null}},"type":"if","locations":[{"start":{"line":38,"column":2},"end":{"line":38,"column":null}},{"start":{},"end":{}}],"line":38}},"s":{"0":0,"1":0,"2":0,"3":0,"4":0,"5":0,"6":0},"f":{"0":0,"1":0,"2":0,"3":0},"b":{"0":[0],"1":[0],"2":[0],"3":[0],"4":[0],"5":[0,0]},"meta":{"lastBranch":6,"lastFunction":4,"lastStatement":7,"seen":{"f:6:22:6:33":0,"b:6:70:6:75":0,"s:7:2:13:Infinity":0,"f:16:22:16:42":1,"s:17:2:21:Infinity":1,"f:24:22:24:34":2,"s:25:2:28:Infinity":2,"f:31:22:31:29":3,"b:31:84:31:86":1,"b:31:50:31:52":2,"b:31:63:31:64":3,"b:31:75:31:79":4,"s:32:14:36:38":3,"b:38:2:38:Infinity:undefined:undefined:undefined:undefined":5,"s:38:2:38:Infinity":4,"s:38:14:38:Infinity":5,"s:40:2:40:Infinity":6}}}
,"/home/ss/project/mitra-flow/src/core/repositories/customer.repository.js": {"path":"/home/ss/project/mitra-flow/src/core/repositories/customer.repository.js","statementMap":{"0":{"start":{"line":7,"column":14},"end":{"line":11,"column":38}},"1":{"start":{"line":13,"column":2},"end":{"line":15,"column":null}},"2":{"start":{"line":14,"column":4},"end":{"line":14,"column":null}},"3":{"start":{"line":17,"column":2},"end":{"line":17,"column":null}},"4":{"start":{"line":21,"column":2},"end":{"line":25,"column":null}},"5":{"start":{"line":29,"column":2},"end":{"line":33,"column":null}},"6":{"start":{"line":37,"column":2},"end":{"line":42,"column":null}},"7":{"start":{"line":46,"column":2},"end":{"line":49,"column":null}},"8":{"start":{"line":57,"column":2},"end":{"line":62,"column":null}},"9":{"start":{"line":70,"column":20},"end":{"line":74,"column":51}},"10":{"start":{"line":76,"column":2},"end":{"line":76,"column":null}}},"fnMap":{"0":{"name":"findAll","decl":{"start":{"line":6,"column":22},"end":{"line":6,"column":29}},"loc":{"start":{"line":6,"column":86},"end":{"line":18,"column":null}},"line":6},"1":{"name":"findById","decl":{"start":{"line":20,"column":22},"end":{"line":20,"column":30}},"loc":{"start":{"line":20,"column":45},"end":{"line":26,"column":null}},"line":20},"2":{"name":"create","decl":{"start":{"line":28,"column":22},"end":{"line":28,"column":28}},"loc":{"start":{"line":28,"column":48},"end":{"line":34,"column":null}},"line":28},"3":{"name":"updateById","decl":{"start":{"line":36,"column":22},"end":{"line":36,"column":32}},"loc":{"start":{"line":36,"column":56},"end":{"line":43,"column":null}},"line":36},"4":{"name":"deleteById","decl":{"start":{"line":45,"column":22},"end":{"line":45,"column":32}},"loc":{"start":{"line":45,"column":47},"end":{"line":50,"column":null}},"line":45},"5":{"name":"findByPhone","decl":{"start":{"line":56,"column":22},"end":{"line":56,"column":33}},"loc":{"start":{"line":56,"column":62},"end":{"line":63,"column":null}},"line":56},"6":{"name":"countActiveWorkOrders","decl":{"start":{"line":69,"column":22},"end":{"line":69,"column":43}},"loc":{"start":{"line":69,"column":66},"end":{"line":77,"column":null}},"line":69}},"branchMap":{"0":{"loc":{"start":{"line":6,"column":40},"end":{"line":6,"column":84}},"type":"default-arg","locations":[{"start":{"line":6,"column":82},"end":{"line":6,"column":84}}],"line":6},"1":{"loc":{"start":{"line":6,"column":42},"end":{"line":6,"column":52}},"type":"default-arg","locations":[{"start":{"line":6,"column":50},"end":{"line":6,"column":52}}],"line":6},"2":{"loc":{"start":{"line":6,"column":54},"end":{"line":6,"column":64}},"type":"default-arg","locations":[{"start":{"line":6,"column":63},"end":{"line":6,"column":64}}],"line":6},"3":{"loc":{"start":{"line":6,"column":66},"end":{"line":6,"column":77}},"type":"default-arg","locations":[{"start":{"line":6,"column":75},"end":{"line":6,"column":77}}],"line":6},"4":{"loc":{"start":{"line":13,"column":2},"end":{"line":15,"column":null}},"type":"if","locations":[{"start":{"line":13,"column":2},"end":{"line":15,"column":null}},{"start":{},"end":{}}],"line":13},"5":{"loc":{"start":{"line":76,"column":18},"end":{"line":76,"column":28}},"type":"binary-expr","locations":[{"start":{"line":76,"column":18},"end":{"line":76,"column":23}},{"start":{"line":76,"column":27},"end":{"line":76,"column":28}}],"line":76}},"s":{"0":0,"1":0,"2":0,"3":0,"4":0,"5":0,"6":0,"7":0,"8":0,"9":0,"10":0},"f":{"0":0,"1":0,"2":0,"3":0,"4":0,"5":0,"6":0},"b":{"0":[0],"1":[0],"2":[0],"3":[0],"4":[0,0],"5":[0,0]},"meta":{"lastBranch":6,"lastFunction":7,"lastStatement":11,"seen":{"f:6:22:6:29":0,"b:6:82:6:84":0,"b:6:50:6:52":1,"b:6:63:6:64":2,"b:6:75:6:77":3,"s:7:14:11:38":0,"b:13:2:15:Infinity:undefined:undefined:undefined:undefined":4,"s:13:2:15:Infinity":1,"s:14:4:14:Infinity":2,"s:17:2:17:Infinity":3,"f:20:22:20:30":1,"s:21:2:25:Infinity":4,"f:28:22:28:28":2,"s:29:2:33:Infinity":5,"f:36:22:36:32":3,"s:37:2:42:Infinity":6,"f:45:22:45:32":4,"s:46:2:49:Infinity":7,"f:56:22:56:33":5,"s:57:2:62:Infinity":8,"f:69:22:69:43":6,"s:70:20:74:51":9,"s:76:2:76:Infinity":10,"b:76:18:76:23:76:27:76:28":5}}}
,"/home/ss/project/mitra-flow/src/core/repositories/employee.repository.js": {"path":"/home/ss/project/mitra-flow/src/core/repositories/employee.repository.js","statementMap":{"0":{"start":{"line":7,"column":14},"end":{"line":11,"column":38}},"1":{"start":{"line":13,"column":2},"end":{"line":15,"column":null}},"2":{"start":{"line":14,"column":4},"end":{"line":14,"column":null}},"3":{"start":{"line":17,"column":2},"end":{"line":17,"column":null}},"4":{"start":{"line":21,"column":2},"end":{"line":25,"column":null}},"5":{"start":{"line":29,"column":2},"end":{"line":33,"column":null}},"6":{"start":{"line":37,"column":2},"end":{"line":42,"column":null}},"7":{"start":{"line":46,"column":2},"end":{"line":49,"column":null}},"8":{"start":{"line":55,"column":2},"end":{"line":59,"column":null}},"9":{"start":{"line":63,"column":2},"end":{"line":67,"column":null}}},"fnMap":{"0":{"name":"findAll","decl":{"start":{"line":6,"column":22},"end":{"line":6,"column":29}},"loc":{"start":{"line":6,"column":86},"end":{"line":18,"column":null}},"line":6},"1":{"name":"findById","decl":{"start":{"line":20,"column":22},"end":{"line":20,"column":30}},"loc":{"start":{"line":20,"column":45},"end":{"line":26,"column":null}},"line":20},"2":{"name":"create","decl":{"start":{"line":28,"column":22},"end":{"line":28,"column":28}},"loc":{"start":{"line":28,"column":48},"end":{"line":34,"column":null}},"line":28},"3":{"name":"updateById","decl":{"start":{"line":36,"column":22},"end":{"line":36,"column":32}},"loc":{"start":{"line":36,"column":56},"end":{"line":43,"column":null}},"line":36},"4":{"name":"deleteById","decl":{"start":{"line":45,"column":22},"end":{"line":45,"column":32}},"loc":{"start":{"line":45,"column":47},"end":{"line":50,"column":null}},"line":45},"5":{"name":"findSalaryConfigs","decl":{"start":{"line":54,"column":22},"end":{"line":54,"column":39}},"loc":{"start":{"line":54,"column":62},"end":{"line":60,"column":null}},"line":54},"6":{"name":"upsertSalaryConfig","decl":{"start":{"line":62,"column":22},"end":{"line":62,"column":40}},"loc":{"start":{"line":62,"column":60},"end":{"line":68,"column":null}},"line":62}},"branchMap":{"0":{"loc":{"start":{"line":6,"column":40},"end":{"line":6,"column":84}},"type":"default-arg","locations":[{"start":{"line":6,"column":82},"end":{"line":6,"column":84}}],"line":6},"1":{"loc":{"start":{"line":6,"column":42},"end":{"line":6,"column":52}},"type":"default-arg","locations":[{"start":{"line":6,"column":50},"end":{"line":6,"column":52}}],"line":6},"2":{"loc":{"start":{"line":6,"column":54},"end":{"line":6,"column":64}},"type":"default-arg","locations":[{"start":{"line":6,"column":63},"end":{"line":6,"column":64}}],"line":6},"3":{"loc":{"start":{"line":6,"column":66},"end":{"line":6,"column":77}},"type":"default-arg","locations":[{"start":{"line":6,"column":75},"end":{"line":6,"column":77}}],"line":6},"4":{"loc":{"start":{"line":13,"column":2},"end":{"line":15,"column":null}},"type":"if","locations":[{"start":{"line":13,"column":2},"end":{"line":15,"column":null}},{"start":{},"end":{}}],"line":13}},"s":{"0":0,"1":0,"2":0,"3":0,"4":0,"5":0,"6":0,"7":0,"8":0,"9":0},"f":{"0":0,"1":0,"2":0,"3":0,"4":0,"5":0,"6":0},"b":{"0":[0],"1":[0],"2":[0],"3":[0],"4":[0,0]},"meta":{"lastBranch":5,"lastFunction":7,"lastStatement":10,"seen":{"f:6:22:6:29":0,"b:6:82:6:84":0,"b:6:50:6:52":1,"b:6:63:6:64":2,"b:6:75:6:77":3,"s:7:14:11:38":0,"b:13:2:15:Infinity:undefined:undefined:undefined:undefined":4,"s:13:2:15:Infinity":1,"s:14:4:14:Infinity":2,"s:17:2:17:Infinity":3,"f:20:22:20:30":1,"s:21:2:25:Infinity":4,"f:28:22:28:28":2,"s:29:2:33:Infinity":5,"f:36:22:36:32":3,"s:37:2:42:Infinity":6,"f:45:22:45:32":4,"s:46:2:49:Infinity":7,"f:54:22:54:39":5,"s:55:2:59:Infinity":8,"f:62:22:62:40":6,"s:63:2:67:Infinity":9}}}
,"/home/ss/project/mitra-flow/src/core/repositories/finance.repository.js": {"path":"/home/ss/project/mitra-flow/src/core/repositories/finance.repository.js","statementMap":{"0":{"start":{"line":7,"column":14},"end":{"line":11,"column":38}},"1":{"start":{"line":13,"column":2},"end":{"line":15,"column":null}},"2":{"start":{"line":14,"column":4},"end":{"line":14,"column":null}},"3":{"start":{"line":17,"column":2},"end":{"line":17,"column":null}},"4":{"start":{"line":21,"column":2},"end":{"line":25,"column":null}},"5":{"start":{"line":29,"column":14},"end":{"line":31,"column":39}},"6":{"start":{"line":33,"column":2},"end":{"line":33,"column":null}},"7":{"start":{"line":33,"column":17},"end":{"line":33,"column":null}},"8":{"start":{"line":34,"column":2},"end":{"line":34,"column":null}},"9":{"start":{"line":34,"column":15},"end":{"line":34,"column":null}},"10":{"start":{"line":36,"column":2},"end":{"line":36,"column":null}},"11":{"start":{"line":40,"column":2},"end":{"line":43,"column":null}}},"fnMap":{"0":{"name":"findAllTransactions","decl":{"start":{"line":6,"column":22},"end":{"line":6,"column":41}},"loc":{"start":{"line":6,"column":98},"end":{"line":18,"column":null}},"line":6},"1":{"name":"createTransaction","decl":{"start":{"line":20,"column":22},"end":{"line":20,"column":39}},"loc":{"start":{"line":20,"column":59},"end":{"line":26,"column":null}},"line":20},"2":{"name":"findSummary","decl":{"start":{"line":28,"column":22},"end":{"line":28,"column":33}},"loc":{"start":{"line":28,"column":73},"end":{"line":37,"column":null}},"line":28},"3":{"name":"findBankAccounts","decl":{"start":{"line":39,"column":22},"end":{"line":39,"column":38}},"loc":{"start":{"line":39,"column":49},"end":{"line":44,"column":null}},"line":39}},"branchMap":{"0":{"loc":{"start":{"line":6,"column":52},"end":{"line":6,"column":96}},"type":"default-arg","locations":[{"start":{"line":6,"column":94},"end":{"line":6,"column":96}}],"line":6},"1":{"loc":{"start":{"line":6,"column":54},"end":{"line":6,"column":64}},"type":"default-arg","locations":[{"start":{"line":6,"column":62},"end":{"line":6,"column":64}}],"line":6},"2":{"loc":{"start":{"line":6,"column":66},"end":{"line":6,"column":76}},"type":"default-arg","locations":[{"start":{"line":6,"column":75},"end":{"line":6,"column":76}}],"line":6},"3":{"loc":{"start":{"line":6,"column":78},"end":{"line":6,"column":89}},"type":"default-arg","locations":[{"start":{"line":6,"column":87},"end":{"line":6,"column":89}}],"line":6},"4":{"loc":{"start":{"line":13,"column":2},"end":{"line":15,"column":null}},"type":"if","locations":[{"start":{"line":13,"column":2},"end":{"line":15,"column":null}},{"start":{},"end":{}}],"line":13},"5":{"loc":{"start":{"line":28,"column":44},"end":{"line":28,"column":71}},"type":"default-arg","locations":[{"start":{"line":28,"column":69},"end":{"line":28,"column":71}}],"line":28},"6":{"loc":{"start":{"line":33,"column":2},"end":{"line":33,"column":null}},"type":"if","locations":[{"start":{"line":33,"column":2},"end":{"line":33,"column":null}},{"start":{},"end":{}}],"line":33},"7":{"loc":{"start":{"line":34,"column":2},"end":{"line":34,"column":null}},"type":"if","locations":[{"start":{"line":34,"column":2},"end":{"line":34,"column":null}},{"start":{},"end":{}}],"line":34}},"s":{"0":0,"1":0,"2":0,"3":0,"4":0,"5":0,"6":0,"7":0,"8":0,"9":0,"10":0,"11":0},"f":{"0":0,"1":0,"2":0,"3":0},"b":{"0":[0],"1":[0],"2":[0],"3":[0],"4":[0,0],"5":[0],"6":[0,0],"7":[0,0]},"meta":{"lastBranch":8,"lastFunction":4,"lastStatement":12,"seen":{"f:6:22:6:41":0,"b:6:94:6:96":0,"b:6:62:6:64":1,"b:6:75:6:76":2,"b:6:87:6:89":3,"s:7:14:11:38":0,"b:13:2:15:Infinity:undefined:undefined:undefined:undefined":4,"s:13:2:15:Infinity":1,"s:14:4:14:Infinity":2,"s:17:2:17:Infinity":3,"f:20:22:20:39":1,"s:21:2:25:Infinity":4,"f:28:22:28:33":2,"b:28:69:28:71":5,"s:29:14:31:39":5,"b:33:2:33:Infinity:undefined:undefined:undefined:undefined":6,"s:33:2:33:Infinity":6,"s:33:17:33:Infinity":7,"b:34:2:34:Infinity:undefined:undefined:undefined:undefined":7,"s:34:2:34:Infinity":8,"s:34:15:34:Infinity":9,"s:36:2:36:Infinity":10,"f:39:22:39:38":3,"s:40:2:43:Infinity":11}}}
,"/home/ss/project/mitra-flow/src/core/repositories/inventory.repository.js": {"path":"/home/ss/project/mitra-flow/src/core/repositories/inventory.repository.js","statementMap":{"0":{"start":{"line":7,"column":2},"end":{"line":10,"column":null}},"1":{"start":{"line":14,"column":2},"end":{"line":18,"column":null}},"2":{"start":{"line":22,"column":2},"end":{"line":26,"column":null}},"3":{"start":{"line":30,"column":2},"end":{"line":35,"column":null}},"4":{"start":{"line":39,"column":2},"end":{"line":42,"column":null}}},"fnMap":{"0":{"name":"findAll","decl":{"start":{"line":6,"column":22},"end":{"line":6,"column":29}},"loc":{"start":{"line":6,"column":40},"end":{"line":11,"column":null}},"line":6},"1":{"name":"findById","decl":{"start":{"line":13,"column":22},"end":{"line":13,"column":30}},"loc":{"start":{"line":13,"column":45},"end":{"line":19,"column":null}},"line":13},"2":{"name":"create","decl":{"start":{"line":21,"column":22},"end":{"line":21,"column":28}},"loc":{"start":{"line":21,"column":48},"end":{"line":27,"column":null}},"line":21},"3":{"name":"updateById","decl":{"start":{"line":29,"column":22},"end":{"line":29,"column":32}},"loc":{"start":{"line":29,"column":56},"end":{"line":36,"column":null}},"line":29},"4":{"name":"deleteById","decl":{"start":{"line":38,"column":22},"end":{"line":38,"column":32}},"loc":{"start":{"line":38,"column":47},"end":{"line":43,"column":null}},"line":38}},"branchMap":{},"s":{"0":0,"1":0,"2":0,"3":0,"4":0},"f":{"0":0,"1":0,"2":0,"3":0,"4":0},"b":{},"meta":{"lastBranch":0,"lastFunction":5,"lastStatement":5,"seen":{"f:6:22:6:29":0,"s:7:2:10:Infinity":0,"f:13:22:13:30":1,"s:14:2:18:Infinity":1,"f:21:22:21:28":2,"s:22:2:26:Infinity":2,"f:29:22:29:32":3,"s:30:2:35:Infinity":3,"f:38:22:38:32":4,"s:39:2:42:Infinity":4}}}
,"/home/ss/project/mitra-flow/src/core/repositories/package.repository.js": {"path":"/home/ss/project/mitra-flow/src/core/repositories/package.repository.js","statementMap":{"0":{"start":{"line":7,"column":2},"end":{"line":10,"column":null}},"1":{"start":{"line":14,"column":2},"end":{"line":18,"column":null}},"2":{"start":{"line":22,"column":2},"end":{"line":26,"column":null}},"3":{"start":{"line":30,"column":2},"end":{"line":35,"column":null}},"4":{"start":{"line":39,"column":2},"end":{"line":42,"column":null}}},"fnMap":{"0":{"name":"findAll","decl":{"start":{"line":6,"column":22},"end":{"line":6,"column":29}},"loc":{"start":{"line":6,"column":40},"end":{"line":11,"column":null}},"line":6},"1":{"name":"findById","decl":{"start":{"line":13,"column":22},"end":{"line":13,"column":30}},"loc":{"start":{"line":13,"column":45},"end":{"line":19,"column":null}},"line":13},"2":{"name":"create","decl":{"start":{"line":21,"column":22},"end":{"line":21,"column":28}},"loc":{"start":{"line":21,"column":48},"end":{"line":27,"column":null}},"line":21},"3":{"name":"updateById","decl":{"start":{"line":29,"column":22},"end":{"line":29,"column":32}},"loc":{"start":{"line":29,"column":56},"end":{"line":36,"column":null}},"line":29},"4":{"name":"deleteById","decl":{"start":{"line":38,"column":22},"end":{"line":38,"column":32}},"loc":{"start":{"line":38,"column":47},"end":{"line":43,"column":null}},"line":38}},"branchMap":{},"s":{"0":0,"1":0,"2":0,"3":0,"4":0},"f":{"0":0,"1":0,"2":0,"3":0,"4":0},"b":{},"meta":{"lastBranch":0,"lastFunction":5,"lastStatement":5,"seen":{"f:6:22:6:29":0,"s:7:2:10:Infinity":0,"f:13:22:13:30":1,"s:14:2:18:Infinity":1,"f:21:22:21:28":2,"s:22:2:26:Infinity":2,"f:29:22:29:32":3,"s:30:2:35:Infinity":3,"f:38:22:38:32":4,"s:39:2:42:Infinity":4}}}
,"/home/ss/project/mitra-flow/src/core/repositories/payroll.repository.js": {"path":"/home/ss/project/mitra-flow/src/core/repositories/payroll.repository.js","statementMap":{"0":{"start":{"line":7,"column":2},"end":{"line":11,"column":null}},"1":{"start":{"line":15,"column":2},"end":{"line":18,"column":null}},"2":{"start":{"line":22,"column":2},"end":{"line":25,"column":null}},"3":{"start":{"line":29,"column":2},"end":{"line":36,"column":null}},"4":{"start":{"line":40,"column":2},"end":{"line":45,"column":null}},"5":{"start":{"line":49,"column":2},"end":{"line":54,"column":null}},"6":{"start":{"line":58,"column":2},"end":{"line":62,"column":null}},"7":{"start":{"line":66,"column":2},"end":{"line":71,"column":null}},"8":{"start":{"line":75,"column":2},"end":{"line":79,"column":null}},"9":{"start":{"line":83,"column":2},"end":{"line":85,"column":null}},"10":{"start":{"line":89,"column":2},"end":{"line":91,"column":null}},"11":{"start":{"line":95,"column":2},"end":{"line":98,"column":null}}},"fnMap":{"0":{"name":"findPeriodById","decl":{"start":{"line":6,"column":22},"end":{"line":6,"column":36}},"loc":{"start":{"line":6,"column":51},"end":{"line":12,"column":null}},"line":6},"1":{"name":"updatePeriod","decl":{"start":{"line":14,"column":22},"end":{"line":14,"column":34}},"loc":{"start":{"line":14,"column":58},"end":{"line":19,"column":null}},"line":14},"2":{"name":"findActiveEmployees","decl":{"start":{"line":21,"column":22},"end":{"line":21,"column":41}},"loc":{"start":{"line":21,"column":52},"end":{"line":26,"column":null}},"line":21},"3":{"name":"findSalaryConfigsForEmployees","decl":{"start":{"line":28,"column":22},"end":{"line":28,"column":51}},"loc":{"start":{"line":28,"column":75},"end":{"line":37,"column":null}},"line":28},"4":{"name":"findOvertimeData","decl":{"start":{"line":39,"column":22},"end":{"line":39,"column":38}},"loc":{"start":{"line":39,"column":73},"end":{"line":46,"column":null}},"line":39},"5":{"name":"findAttendanceData","decl":{"start":{"line":48,"column":22},"end":{"line":48,"column":40}},"loc":{"start":{"line":48,"column":75},"end":{"line":55,"column":null}},"line":48},"6":{"name":"calculatePointDeductionRpc","decl":{"start":{"line":57,"column":22},"end":{"line":57,"column":48}},"loc":{"start":{"line":57,"column":84},"end":{"line":63,"column":null}},"line":57},"7":{"name":"findAdjustments","decl":{"start":{"line":65,"column":22},"end":{"line":65,"column":37}},"loc":{"start":{"line":65,"column":70},"end":{"line":72,"column":null}},"line":65},"8":{"name":"deleteLineItems","decl":{"start":{"line":74,"column":22},"end":{"line":74,"column":37}},"loc":{"start":{"line":74,"column":58},"end":{"line":80,"column":null}},"line":74},"9":{"name":"insertLineItems","decl":{"start":{"line":82,"column":22},"end":{"line":82,"column":37}},"loc":{"start":{"line":82,"column":55},"end":{"line":86,"column":null}},"line":82},"10":{"name":"upsertSummaries","decl":{"start":{"line":88,"column":22},"end":{"line":88,"column":37}},"loc":{"start":{"line":88,"column":59},"end":{"line":92,"column":null}},"line":88},"11":{"name":"findAppSettings","decl":{"start":{"line":94,"column":22},"end":{"line":94,"column":37}},"loc":{"start":{"line":94,"column":54},"end":{"line":99,"column":null}},"line":94}},"branchMap":{},"s":{"0":0,"1":0,"2":0,"3":0,"4":0,"5":0,"6":0,"7":0,"8":0,"9":0,"10":0,"11":0},"f":{"0":0,"1":0,"2":0,"3":0,"4":0,"5":0,"6":0,"7":0,"8":0,"9":0,"10":0,"11":0},"b":{},"meta":{"lastBranch":0,"lastFunction":12,"lastStatement":12,"seen":{"f:6:22:6:36":0,"s:7:2:11:Infinity":0,"f:14:22:14:34":1,"s:15:2:18:Infinity":1,"f:21:22:21:41":2,"s:22:2:25:Infinity":2,"f:28:22:28:51":3,"s:29:2:36:Infinity":3,"f:39:22:39:38":4,"s:40:2:45:Infinity":4,"f:48:22:48:40":5,"s:49:2:54:Infinity":5,"f:57:22:57:48":6,"s:58:2:62:Infinity":6,"f:65:22:65:37":7,"s:66:2:71:Infinity":7,"f:74:22:74:37":8,"s:75:2:79:Infinity":8,"f:82:22:82:37":9,"s:83:2:85:Infinity":9,"f:88:22:88:37":10,"s:89:2:91:Infinity":10,"f:94:22:94:37":11,"s:95:2:98:Infinity":11}}}
,"/home/ss/project/mitra-flow/src/core/repositories/psb.repository.js": {"path":"/home/ss/project/mitra-flow/src/core/repositories/psb.repository.js","statementMap":{"0":{"start":{"line":7,"column":2},"end":{"line":11,"column":null}},"1":{"start":{"line":15,"column":2},"end":{"line":18,"column":null}},"2":{"start":{"line":22,"column":14},"end":{"line":26,"column":38}},"3":{"start":{"line":28,"column":2},"end":{"line":28,"column":null}},"4":{"start":{"line":28,"column":14},"end":{"line":28,"column":null}},"5":{"start":{"line":30,"column":2},"end":{"line":30,"column":null}}},"fnMap":{"0":{"name":"findById","decl":{"start":{"line":6,"column":22},"end":{"line":6,"column":30}},"loc":{"start":{"line":6,"column":45},"end":{"line":12,"column":null}},"line":6},"1":{"name":"updateStatus","decl":{"start":{"line":14,"column":22},"end":{"line":14,"column":34}},"loc":{"start":{"line":14,"column":57},"end":{"line":19,"column":null}},"line":14},"2":{"name":"findAll","decl":{"start":{"line":21,"column":22},"end":{"line":21,"column":29}},"loc":{"start":{"line":21,"column":88},"end":{"line":31,"column":null}},"line":21}},"branchMap":{"0":{"loc":{"start":{"line":21,"column":40},"end":{"line":21,"column":86}},"type":"default-arg","locations":[{"start":{"line":21,"column":84},"end":{"line":21,"column":86}}],"line":21},"1":{"loc":{"start":{"line":21,"column":42},"end":{"line":21,"column":52}},"type":"default-arg","locations":[{"start":{"line":21,"column":50},"end":{"line":21,"column":52}}],"line":21},"2":{"loc":{"start":{"line":21,"column":54},"end":{"line":21,"column":64}},"type":"default-arg","locations":[{"start":{"line":21,"column":63},"end":{"line":21,"column":64}}],"line":21},"3":{"loc":{"start":{"line":21,"column":66},"end":{"line":21,"column":79}},"type":"default-arg","locations":[{"start":{"line":21,"column":75},"end":{"line":21,"column":79}}],"line":21},"4":{"loc":{"start":{"line":28,"column":2},"end":{"line":28,"column":null}},"type":"if","locations":[{"start":{"line":28,"column":2},"end":{"line":28,"column":null}},{"start":{},"end":{}}],"line":28}},"s":{"0":0,"1":0,"2":0,"3":0,"4":0,"5":0},"f":{"0":0,"1":0,"2":0},"b":{"0":[0],"1":[0],"2":[0],"3":[0],"4":[0,0]},"meta":{"lastBranch":5,"lastFunction":3,"lastStatement":6,"seen":{"f:6:22:6:30":0,"s:7:2:11:Infinity":0,"f:14:22:14:34":1,"s:15:2:18:Infinity":1,"f:21:22:21:29":2,"b:21:84:21:86":0,"b:21:50:21:52":1,"b:21:63:21:64":2,"b:21:75:21:79":3,"s:22:14:26:38":2,"b:28:2:28:Infinity:undefined:undefined:undefined:undefined":4,"s:28:2:28:Infinity":3,"s:28:14:28:Infinity":4,"s:30:2:30:Infinity":5}}}
,"/home/ss/project/mitra-flow/src/core/repositories/role.repository.js": {"path":"/home/ss/project/mitra-flow/src/core/repositories/role.repository.js","statementMap":{"0":{"start":{"line":7,"column":2},"end":{"line":10,"column":null}},"1":{"start":{"line":14,"column":2},"end":{"line":18,"column":null}}},"fnMap":{"0":{"name":"findAll","decl":{"start":{"line":6,"column":22},"end":{"line":6,"column":29}},"loc":{"start":{"line":6,"column":40},"end":{"line":11,"column":null}},"line":6},"1":{"name":"create","decl":{"start":{"line":13,"column":22},"end":{"line":13,"column":28}},"loc":{"start":{"line":13,"column":48},"end":{"line":19,"column":null}},"line":13}},"branchMap":{},"s":{"0":0,"1":0},"f":{"0":0,"1":0},"b":{},"meta":{"lastBranch":0,"lastFunction":2,"lastStatement":2,"seen":{"f:6:22:6:29":0,"s:7:2:10:Infinity":0,"f:13:22:13:28":1,"s:14:2:18:Infinity":1}}}
,"/home/ss/project/mitra-flow/src/core/repositories/setting.repository.js": {"path":"/home/ss/project/mitra-flow/src/core/repositories/setting.repository.js","statementMap":{"0":{"start":{"line":7,"column":2},"end":{"line":11,"column":null}},"1":{"start":{"line":15,"column":2},"end":{"line":20,"column":null}}},"fnMap":{"0":{"name":"findAll","decl":{"start":{"line":6,"column":22},"end":{"line":6,"column":29}},"loc":{"start":{"line":6,"column":40},"end":{"line":12,"column":null}},"line":6},"1":{"name":"updateByKey","decl":{"start":{"line":14,"column":22},"end":{"line":14,"column":33}},"loc":{"start":{"line":14,"column":70},"end":{"line":21,"column":null}},"line":14}},"branchMap":{},"s":{"0":0,"1":0},"f":{"0":0,"1":0},"b":{},"meta":{"lastBranch":0,"lastFunction":2,"lastStatement":2,"seen":{"f:6:22:6:29":0,"s:7:2:11:Infinity":0,"f:14:22:14:33":1,"s:15:2:20:Infinity":1}}}
,"/home/ss/project/mitra-flow/src/core/repositories/work-order.repository.js": {"path":"/home/ss/project/mitra-flow/src/core/repositories/work-order.repository.js","statementMap":{"0":{"start":{"line":7,"column":14},"end":{"line":16,"column":38}},"1":{"start":{"line":18,"column":2},"end":{"line":18,"column":null}},"2":{"start":{"line":18,"column":14},"end":{"line":18,"column":null}},"3":{"start":{"line":19,"column":2},"end":{"line":19,"column":null}},"4":{"start":{"line":19,"column":14},"end":{"line":19,"column":null}},"5":{"start":{"line":21,"column":2},"end":{"line":21,"column":null}},"6":{"start":{"line":25,"column":2},"end":{"line":29,"column":null}},"7":{"start":{"line":33,"column":2},"end":{"line":37,"column":null}},"8":{"start":{"line":41,"column":2},"end":{"line":46,"column":null}},"9":{"start":{"line":50,"column":2},"end":{"line":53,"column":null}},"10":{"start":{"line":57,"column":2},"end":{"line":59,"column":null}},"11":{"start":{"line":63,"column":2},"end":{"line":75,"column":null}},"12":{"start":{"line":79,"column":2},"end":{"line":81,"column":null}},"13":{"start":{"line":85,"column":2},"end":{"line":89,"column":null}},"14":{"start":{"line":93,"column":2},"end":{"line":96,"column":null}},"15":{"start":{"line":100,"column":2},"end":{"line":103,"column":null}}},"fnMap":{"0":{"name":"findAll","decl":{"start":{"line":6,"column":22},"end":{"line":6,"column":29}},"loc":{"start":{"line":6,"column":101},"end":{"line":22,"column":null}},"line":6},"1":{"name":"findById","decl":{"start":{"line":24,"column":22},"end":{"line":24,"column":30}},"loc":{"start":{"line":24,"column":45},"end":{"line":30,"column":null}},"line":24},"2":{"name":"create","decl":{"start":{"line":32,"column":22},"end":{"line":32,"column":28}},"loc":{"start":{"line":32,"column":48},"end":{"line":38,"column":null}},"line":32},"3":{"name":"updateById","decl":{"start":{"line":40,"column":22},"end":{"line":40,"column":32}},"loc":{"start":{"line":40,"column":56},"end":{"line":47,"column":null}},"line":40},"4":{"name":"deleteById","decl":{"start":{"line":49,"column":22},"end":{"line":49,"column":32}},"loc":{"start":{"line":49,"column":47},"end":{"line":54,"column":null}},"line":49},"5":{"name":"createMonitoring","decl":{"start":{"line":56,"column":22},"end":{"line":56,"column":38}},"loc":{"start":{"line":56,"column":58},"end":{"line":60,"column":null}},"line":56},"6":{"name":"claimAtomic","decl":{"start":{"line":62,"column":22},"end":{"line":62,"column":33}},"loc":{"start":{"line":62,"column":67},"end":{"line":76,"column":null}},"line":62},"7":{"name":"upsertAssignments","decl":{"start":{"line":78,"column":22},"end":{"line":78,"column":39}},"loc":{"start":{"line":78,"column":63},"end":{"line":82,"column":null}},"line":78},"8":{"name":"findByIdWithAssignments","decl":{"start":{"line":84,"column":22},"end":{"line":84,"column":45}},"loc":{"start":{"line":84,"column":60},"end":{"line":90,"column":null}},"line":84},"9":{"name":"closeWithPointsRpc","decl":{"start":{"line":92,"column":22},"end":{"line":92,"column":40}},"loc":{"start":{"line":92,"column":66},"end":{"line":97,"column":null}},"line":92},"10":{"name":"updateAssignmentsPoints","decl":{"start":{"line":99,"column":22},"end":{"line":99,"column":45}},"loc":{"start":{"line":99,"column":83},"end":{"line":104,"column":null}},"line":99}},"branchMap":{"0":{"loc":{"start":{"line":6,"column":40},"end":{"line":6,"column":99}},"type":"default-arg","locations":[{"start":{"line":6,"column":97},"end":{"line":6,"column":99}}],"line":6},"1":{"loc":{"start":{"line":6,"column":42},"end":{"line":6,"column":52}},"type":"default-arg","locations":[{"start":{"line":6,"column":50},"end":{"line":6,"column":52}}],"line":6},"2":{"loc":{"start":{"line":6,"column":54},"end":{"line":6,"column":64}},"type":"default-arg","locations":[{"start":{"line":6,"column":63},"end":{"line":6,"column":64}}],"line":6},"3":{"loc":{"start":{"line":6,"column":66},"end":{"line":6,"column":79}},"type":"default-arg","locations":[{"start":{"line":6,"column":75},"end":{"line":6,"column":79}}],"line":6},"4":{"loc":{"start":{"line":6,"column":81},"end":{"line":6,"column":92}},"type":"default-arg","locations":[{"start":{"line":6,"column":90},"end":{"line":6,"column":92}}],"line":6},"5":{"loc":{"start":{"line":18,"column":2},"end":{"line":18,"column":null}},"type":"if","locations":[{"start":{"line":18,"column":2},"end":{"line":18,"column":null}},{"start":{},"end":{}}],"line":18},"6":{"loc":{"start":{"line":19,"column":2},"end":{"line":19,"column":null}},"type":"if","locations":[{"start":{"line":19,"column":2},"end":{"line":19,"column":null}},{"start":{},"end":{}}],"line":19},"7":{"loc":{"start":{"line":69,"column":10},"end":{"line":69,"column":24}},"type":"binary-expr","locations":[{"start":{"line":69,"column":10},"end":{"line":69,"column":13}},{"start":{"line":69,"column":17},"end":{"line":69,"column":24}}],"line":69}},"s":{"0":0,"1":0,"2":0,"3":0,"4":0,"5":0,"6":0,"7":0,"8":0,"9":0,"10":0,"11":0,"12":0,"13":0,"14":0,"15":0},"f":{"0":0,"1":0,"2":0,"3":0,"4":0,"5":0,"6":0,"7":0,"8":0,"9":0,"10":0},"b":{"0":[0],"1":[0],"2":[0],"3":[0],"4":[0],"5":[0,0],"6":[0,0],"7":[0,0]},"meta":{"lastBranch":8,"lastFunction":11,"lastStatement":16,"seen":{"f:6:22:6:29":0,"b:6:97:6:99":0,"b:6:50:6:52":1,"b:6:63:6:64":2,"b:6:75:6:79":3,"b:6:90:6:92":4,"s:7:14:16:38":0,"b:18:2:18:Infinity:undefined:undefined:undefined:undefined":5,"s:18:2:18:Infinity":1,"s:18:14:18:Infinity":2,"b:19:2:19:Infinity:undefined:undefined:undefined:undefined":6,"s:19:2:19:Infinity":3,"s:19:14:19:Infinity":4,"s:21:2:21:Infinity":5,"f:24:22:24:30":1,"s:25:2:29:Infinity":6,"f:32:22:32:28":2,"s:33:2:37:Infinity":7,"f:40:22:40:32":3,"s:41:2:46:Infinity":8,"f:49:22:49:32":4,"s:50:2:53:Infinity":9,"f:56:22:56:38":5,"s:57:2:59:Infinity":10,"f:62:22:62:33":6,"s:63:2:75:Infinity":11,"b:69:10:69:13:69:17:69:24":7,"f:78:22:78:39":7,"s:79:2:81:Infinity":12,"f:84:22:84:45":8,"s:85:2:89:Infinity":13,"f:92:22:92:40":9,"s:93:2:96:Infinity":14,"f:99:22:99:45":10,"s:100:2:103:Infinity":15}}}
,"/home/ss/project/mitra-flow/src/core/services/bill.service.js": {"path":"/home/ss/project/mitra-flow/src/core/services/bill.service.js","statementMap":{"0":{"start":{"line":14,"column":2},"end":{"line":14,"column":null}},"1":{"start":{"line":14,"column":23},"end":{"line":14,"column":null}},"2":{"start":{"line":16,"column":21},"end":{"line":16,"column":67}},"3":{"start":{"line":19,"column":29},"end":{"line":19,"column":64}},"4":{"start":{"line":20,"column":24},"end":{"line":20,"column":88}},"5":{"start":{"line":20,"column":69},"end":{"line":20,"column":86}},"6":{"start":{"line":23,"column":46},"end":{"line":23,"column":82}},"7":{"start":{"line":24,"column":2},"end":{"line":24,"column":null}},"8":{"start":{"line":24,"column":15},"end":{"line":24,"column":null}},"9":{"start":{"line":25,"column":2},"end":{"line":25,"column":null}},"10":{"start":{"line":25,"column":44},"end":{"line":25,"column":null}},"11":{"start":{"line":27,"column":24},"end":{"line":27,"column":26}},"12":{"start":{"line":28,"column":21},"end":{"line":28,"column":41}},"13":{"start":{"line":29,"column":2},"end":{"line":29,"column":null}},"14":{"start":{"line":30,"column":18},"end":{"line":30,"column":56}},"15":{"start":{"line":32,"column":2},"end":{"line":44,"column":null}},"16":{"start":{"line":33,"column":18},"end":{"line":33,"column":53}},"17":{"start":{"line":34,"column":4},"end":{"line":34,"column":null}},"18":{"start":{"line":34,"column":20},"end":{"line":34,"column":null}},"19":{"start":{"line":36,"column":4},"end":{"line":43,"column":null}},"20":{"start":{"line":46,"column":2},"end":{"line":46,"column":null}},"21":{"start":{"line":46,"column":34},"end":{"line":46,"column":null}},"22":{"start":{"line":49,"column":26},"end":{"line":49,"column":102}},"23":{"start":{"line":50,"column":2},"end":{"line":50,"column":null}},"24":{"start":{"line":50,"column":13},"end":{"line":50,"column":null}},"25":{"start":{"line":52,"column":2},"end":{"line":55,"column":null}},"26":{"start":{"line":59,"column":2},"end":{"line":59,"column":null}},"27":{"start":{"line":59,"column":15},"end":{"line":59,"column":null}},"28":{"start":{"line":61,"column":42},"end":{"line":61,"column":95}},"29":{"start":{"line":62,"column":2},"end":{"line":62,"column":null}},"30":{"start":{"line":62,"column":25},"end":{"line":62,"column":null}},"31":{"start":{"line":63,"column":2},"end":{"line":63,"column":null}},"32":{"start":{"line":63,"column":30},"end":{"line":63,"column":null}},"33":{"start":{"line":65,"column":80},"end":{"line":65,"column":91}},"34":{"start":{"line":66,"column":26},"end":{"line":66,"column":66}},"35":{"start":{"line":69,"column":31},"end":{"line":74,"column":4}},"36":{"start":{"line":75,"column":2},"end":{"line":75,"column":null}},"37":{"start":{"line":75,"column":17},"end":{"line":75,"column":null}},"38":{"start":{"line":78,"column":2},"end":{"line":90,"column":null}},"39":{"start":{"line":79,"column":22},"end":{"line":88,"column":5}},"40":{"start":{"line":89,"column":4},"end":{"line":89,"column":null}},"41":{"start":{"line":89,"column":73},"end":{"line":89,"column":123}},"42":{"start":{"line":93,"column":14},"end":{"line":93,"column":54}},"43":{"start":{"line":93,"column":49},"end":{"line":93,"column":53}},"44":{"start":{"line":94,"column":2},"end":{"line":111,"column":null}},"45":{"start":{"line":95,"column":22},"end":{"line":100,"column":5}},"46":{"start":{"line":102,"column":4},"end":{"line":110,"column":null}},"47":{"start":{"line":110,"column":18},"end":{"line":110,"column":63}},"48":{"start":{"line":113,"column":2},"end":{"line":113,"column":null}}},"fnMap":{"0":{"name":"generateMonthlyBills","decl":{"start":{"line":13,"column":22},"end":{"line":13,"column":42}},"loc":{"start":{"line":13,"column":95},"end":{"line":56,"column":null}},"line":13},"1":{"name":"(anonymous_1)","decl":{"start":{"line":20,"column":64},"end":{"line":20,"column":65}},"loc":{"start":{"line":20,"column":69},"end":{"line":20,"column":86}},"line":20},"2":{"name":"markBillAsPaid","decl":{"start":{"line":58,"column":22},"end":{"line":58,"column":36}},"loc":{"start":{"line":58,"column":85},"end":{"line":114,"column":null}},"line":58},"3":{"name":"(anonymous_3)","decl":{"start":{"line":89,"column":68},"end":{"line":89,"column":69}},"loc":{"start":{"line":89,"column":73},"end":{"line":89,"column":123}},"line":89},"4":{"name":"(anonymous_4)","decl":{"start":{"line":93,"column":43},"end":{"line":93,"column":44}},"loc":{"start":{"line":93,"column":49},"end":{"line":93,"column":53}},"line":93},"5":{"name":"(anonymous_5)","decl":{"start":{"line":110,"column":13},"end":{"line":110,"column":14}},"loc":{"start":{"line":110,"column":18},"end":{"line":110,"column":63}},"line":110}},"branchMap":{"0":{"loc":{"start":{"line":13,"column":77},"end":{"line":13,"column":93}},"type":"default-arg","locations":[{"start":{"line":13,"column":89},"end":{"line":13,"column":93}}],"line":13},"1":{"loc":{"start":{"line":14,"column":2},"end":{"line":14,"column":null}},"type":"if","locations":[{"start":{"line":14,"column":2},"end":{"line":14,"column":null}},{"start":{},"end":{}}],"line":14},"2":{"loc":{"start":{"line":14,"column":6},"end":{"line":14,"column":21}},"type":"binary-expr","locations":[{"start":{"line":14,"column":6},"end":{"line":14,"column":12}},{"start":{"line":14,"column":16},"end":{"line":14,"column":21}}],"line":14},"3":{"loc":{"start":{"line":20,"column":44},"end":{"line":20,"column":58}},"type":"binary-expr","locations":[{"start":{"line":20,"column":44},"end":{"line":20,"column":52}},{"start":{"line":20,"column":56},"end":{"line":20,"column":58}}],"line":20},"4":{"loc":{"start":{"line":24,"column":2},"end":{"line":24,"column":null}},"type":"if","locations":[{"start":{"line":24,"column":2},"end":{"line":24,"column":null}},{"start":{},"end":{}}],"line":24},"5":{"loc":{"start":{"line":25,"column":2},"end":{"line":25,"column":null}},"type":"if","locations":[{"start":{"line":25,"column":2},"end":{"line":25,"column":null}},{"start":{},"end":{}}],"line":25},"6":{"loc":{"start":{"line":25,"column":6},"end":{"line":25,"column":42}},"type":"binary-expr","locations":[{"start":{"line":25,"column":6},"end":{"line":25,"column":16}},{"start":{"line":25,"column":20},"end":{"line":25,"column":42}}],"line":25},"7":{"loc":{"start":{"line":33,"column":18},"end":{"line":33,"column":53}},"type":"binary-expr","locations":[{"start":{"line":33,"column":18},"end":{"line":33,"column":48}},{"start":{"line":33,"column":52},"end":{"line":33,"column":53}}],"line":33},"8":{"loc":{"start":{"line":34,"column":4},"end":{"line":34,"column":null}},"type":"if","locations":[{"start":{"line":34,"column":4},"end":{"line":34,"column":null}},{"start":{},"end":{}}],"line":34},"9":{"loc":{"start":{"line":46,"column":2},"end":{"line":46,"column":null}},"type":"if","locations":[{"start":{"line":46,"column":2},"end":{"line":46,"column":null}},{"start":{},"end":{}}],"line":46},"10":{"loc":{"start":{"line":49,"column":53},"end":{"line":49,"column":74}},"type":"binary-expr","locations":[{"start":{"line":49,"column":53},"end":{"line":49,"column":62}},{"start":{"line":49,"column":66},"end":{"line":49,"column":74}}],"line":49},"11":{"loc":{"start":{"line":50,"column":2},"end":{"line":50,"column":null}},"type":"if","locations":[{"start":{"line":50,"column":2},"end":{"line":50,"column":null}},{"start":{},"end":{}}],"line":50},"12":{"loc":{"start":{"line":59,"column":2},"end":{"line":59,"column":null}},"type":"if","locations":[{"start":{"line":59,"column":2},"end":{"line":59,"column":null}},{"start":{},"end":{}}],"line":59},"13":{"loc":{"start":{"line":62,"column":2},"end":{"line":62,"column":null}},"type":"if","locations":[{"start":{"line":62,"column":2},"end":{"line":62,"column":null}},{"start":{},"end":{}}],"line":62},"14":{"loc":{"start":{"line":62,"column":6},"end":{"line":62,"column":23}},"type":"binary-expr","locations":[{"start":{"line":62,"column":6},"end":{"line":62,"column":14}},{"start":{"line":62,"column":18},"end":{"line":62,"column":23}}],"line":62},"15":{"loc":{"start":{"line":63,"column":2},"end":{"line":63,"column":null}},"type":"if","locations":[{"start":{"line":63,"column":2},"end":{"line":63,"column":null}},{"start":{},"end":{}}],"line":63},"16":{"loc":{"start":{"line":65,"column":10},"end":{"line":65,"column":37}},"type":"default-arg","locations":[{"start":{"line":65,"column":27},"end":{"line":65,"column":37}}],"line":65},"17":{"loc":{"start":{"line":66,"column":26},"end":{"line":66,"column":66}},"type":"binary-expr","locations":[{"start":{"line":66,"column":26},"end":{"line":66,"column":38}},{"start":{"line":66,"column":42},"end":{"line":66,"column":66}}],"line":66},"18":{"loc":{"start":{"line":73,"column":11},"end":{"line":73,"column":null}},"type":"binary-expr","locations":[{"start":{"line":73,"column":11},"end":{"line":73,"column":16}},{"start":{"line":73,"column":20},"end":{"line":73,"column":null}}],"line":73},"19":{"loc":{"start":{"line":75,"column":2},"end":{"line":75,"column":null}},"type":"if","locations":[{"start":{"line":75,"column":2},"end":{"line":75,"column":null}},{"start":{},"end":{}}],"line":75},"20":{"loc":{"start":{"line":78,"column":2},"end":{"line":90,"column":null}},"type":"if","locations":[{"start":{"line":78,"column":2},"end":{"line":90,"column":null}},{"start":{},"end":{}}],"line":78},"21":{"loc":{"start":{"line":83,"column":67},"end":{"line":83,"column":102}},"type":"binary-expr","locations":[{"start":{"line":83,"column":67},"end":{"line":83,"column":96}},{"start":{"line":83,"column":100},"end":{"line":83,"column":102}}],"line":83},"22":{"loc":{"start":{"line":85,"column":23},"end":{"line":85,"column":46}},"type":"binary-expr","locations":[{"start":{"line":85,"column":23},"end":{"line":85,"column":38}},{"start":{"line":85,"column":42},"end":{"line":85,"column":46}}],"line":85},"23":{"loc":{"start":{"line":94,"column":2},"end":{"line":111,"column":null}},"type":"if","locations":[{"start":{"line":94,"column":2},"end":{"line":111,"column":null}},{"start":{},"end":{}}],"line":94},"24":{"loc":{"start":{"line":94,"column":6},"end":{"line":94,"column":34}},"type":"binary-expr","locations":[{"start":{"line":94,"column":6},"end":{"line":94,"column":9}},{"start":{"line":94,"column":13},"end":{"line":94,"column":34}}],"line":94},"25":{"loc":{"start":{"line":99,"column":23},"end":{"line":99,"column":49}},"type":"binary-expr","locations":[{"start":{"line":99,"column":23},"end":{"line":99,"column":43}},{"start":{"line":99,"column":47},"end":{"line":99,"column":49}}],"line":99}},"s":{"0":2,"1":1,"2":1,"3":1,"4":1,"5":1,"6":2,"7":1,"8":1,"9":1,"10":0,"11":1,"12":1,"13":1,"14":1,"15":1,"16":2,"17":2,"18":1,"19":1,"20":1,"21":0,"22":1,"23":1,"24":1,"25":1,"26":2,"27":0,"28":2,"29":2,"30":1,"31":1,"32":0,"33":1,"34":1,"35":2,"36":1,"37":1,"38":1,"39":1,"40":1,"41":0,"42":1,"43":0,"44":1,"45":1,"46":1,"47":0,"48":1},"f":{"0":2,"1":1,"2":2,"3":0,"4":0,"5":0},"b":{"0":[2],"1":[1,1],"2":[2,1],"3":[1,0],"4":[0,1],"5":[0,1],"6":[1,1],"7":[2,1],"8":[1,1],"9":[0,1],"10":[1,0],"11":[0,1],"12":[0,2],"13":[1,1],"14":[2,2],"15":[0,1],"16":[1],"17":[1,1],"18":[2,1],"19":[0,1],"20":[1,0],"21":[1,1],"22":[1,1],"23":[1,0],"24":[1,1],"25":[1,0]},"meta":{"lastBranch":26,"lastFunction":6,"lastStatement":49,"seen":{"f:13:22:13:42":0,"b:13:89:13:93":0,"b:14:2:14:Infinity:undefined:undefined:undefined:undefined":1,"s:14:2:14:Infinity":0,"b:14:6:14:12:14:16:14:21":2,"s:14:23:14:Infinity":1,"s:16:21:16:67":2,"s:19:29:19:64":3,"s:20:24:20:88":4,"b:20:44:20:52:20:56:20:58":3,"f:20:64:20:65":1,"s:20:69:20:86":5,"s:23:46:23:82":6,"b:24:2:24:Infinity:undefined:undefined:undefined:undefined":4,"s:24:2:24:Infinity":7,"s:24:15:24:Infinity":8,"b:25:2:25:Infinity:undefined:undefined:undefined:undefined":5,"s:25:2:25:Infinity":9,"b:25:6:25:16:25:20:25:42":6,"s:25:44:25:Infinity":10,"s:27:24:27:26":11,"s:28:21:28:41":12,"s:29:2:29:Infinity":13,"s:30:18:30:56":14,"s:32:2:44:Infinity":15,"s:33:18:33:53":16,"b:33:18:33:48:33:52:33:53":7,"b:34:4:34:Infinity:undefined:undefined:undefined:undefined":8,"s:34:4:34:Infinity":17,"s:34:20:34:Infinity":18,"s:36:4:43:Infinity":19,"b:46:2:46:Infinity:undefined:undefined:undefined:undefined":9,"s:46:2:46:Infinity":20,"s:46:34:46:Infinity":21,"s:49:26:49:102":22,"b:49:53:49:62:49:66:49:74":10,"b:50:2:50:Infinity:undefined:undefined:undefined:undefined":11,"s:50:2:50:Infinity":23,"s:50:13:50:Infinity":24,"s:52:2:55:Infinity":25,"f:58:22:58:36":2,"b:59:2:59:Infinity:undefined:undefined:undefined:undefined":12,"s:59:2:59:Infinity":26,"s:59:15:59:Infinity":27,"s:61:42:61:95":28,"b:62:2:62:Infinity:undefined:undefined:undefined:undefined":13,"s:62:2:62:Infinity":29,"b:62:6:62:14:62:18:62:23":14,"s:62:25:62:Infinity":30,"b:63:2:63:Infinity:undefined:undefined:undefined:undefined":15,"s:63:2:63:Infinity":31,"s:63:30:63:Infinity":32,"s:65:80:65:91":33,"b:65:27:65:37":16,"s:66:26:66:66":34,"b:66:26:66:38:66:42:66:66":17,"s:69:31:74:4":35,"b:73:11:73:16:73:20:73:Infinity":18,"b:75:2:75:Infinity:undefined:undefined:undefined:undefined":19,"s:75:2:75:Infinity":36,"s:75:17:75:Infinity":37,"b:78:2:90:Infinity:undefined:undefined:undefined:undefined":20,"s:78:2:90:Infinity":38,"s:79:22:88:5":39,"b:83:67:83:96:83:100:83:102":21,"b:85:23:85:38:85:42:85:46":22,"s:89:4:89:Infinity":40,"f:89:68:89:69":3,"s:89:73:89:123":41,"s:93:14:93:54":42,"f:93:43:93:44":4,"s:93:49:93:53":43,"b:94:2:111:Infinity:undefined:undefined:undefined:undefined":23,"s:94:2:111:Infinity":44,"b:94:6:94:9:94:13:94:34":24,"s:95:22:100:5":45,"b:99:23:99:43:99:47:99:49":25,"s:102:4:110:Infinity":46,"f:110:13:110:14":5,"s:110:18:110:63":47,"s:113:2:113:Infinity":48}}}
,"/home/ss/project/mitra-flow/src/core/services/customer.service.js": {"path":"/home/ss/project/mitra-flow/src/core/services/customer.service.js","statementMap":{"0":{"start":{"line":12,"column":33},"end":{"line":12,"column":96}},"1":{"start":{"line":13,"column":2},"end":{"line":13,"column":null}},"2":{"start":{"line":13,"column":13},"end":{"line":13,"column":null}},"3":{"start":{"line":14,"column":2},"end":{"line":14,"column":null}},"4":{"start":{"line":18,"column":2},"end":{"line":18,"column":null}},"5":{"start":{"line":18,"column":11},"end":{"line":18,"column":null}},"6":{"start":{"line":20,"column":17},"end":{"line":20,"column":58}},"7":{"start":{"line":21,"column":2},"end":{"line":21,"column":null}},"8":{"start":{"line":21,"column":41},"end":{"line":21,"column":null}},"9":{"start":{"line":24,"column":2},"end":{"line":27,"column":null}},"10":{"start":{"line":25,"column":26},"end":{"line":25,"column":85}},"11":{"start":{"line":26,"column":4},"end":{"line":26,"column":null}},"12":{"start":{"line":26,"column":13},"end":{"line":26,"column":null}},"13":{"start":{"line":29,"column":26},"end":{"line":29,"column":78}},"14":{"start":{"line":30,"column":2},"end":{"line":30,"column":null}},"15":{"start":{"line":30,"column":13},"end":{"line":30,"column":null}},"16":{"start":{"line":31,"column":2},"end":{"line":31,"column":null}},"17":{"start":{"line":31,"column":13},"end":{"line":31,"column":null}},"18":{"start":{"line":32,"column":2},"end":{"line":32,"column":null}},"19":{"start":{"line":36,"column":2},"end":{"line":36,"column":null}},"20":{"start":{"line":36,"column":11},"end":{"line":36,"column":null}},"21":{"start":{"line":39,"column":29},"end":{"line":39,"column":70}},"22":{"start":{"line":40,"column":2},"end":{"line":40,"column":null}},"23":{"start":{"line":40,"column":17},"end":{"line":40,"column":null}},"24":{"start":{"line":43,"column":20},"end":{"line":43,"column":74}},"25":{"start":{"line":44,"column":2},"end":{"line":46,"column":null}},"26":{"start":{"line":45,"column":4},"end":{"line":45,"column":null}},"27":{"start":{"line":49,"column":20},"end":{"line":49,"column":63}},"28":{"start":{"line":50,"column":2},"end":{"line":50,"column":null}},"29":{"start":{"line":50,"column":13},"end":{"line":50,"column":null}},"30":{"start":{"line":53,"column":2},"end":{"line":60,"column":null}},"31":{"start":{"line":54,"column":4},"end":{"line":59,"column":null}},"32":{"start":{"line":55,"column":6},"end":{"line":55,"column":null}},"33":{"start":{"line":58,"column":6},"end":{"line":58,"column":null}},"34":{"start":{"line":62,"column":2},"end":{"line":62,"column":null}},"35":{"start":{"line":68,"column":2},"end":{"line":70,"column":null}},"36":{"start":{"line":69,"column":4},"end":{"line":69,"column":null}},"37":{"start":{"line":73,"column":29},"end":{"line":73,"column":81}},"38":{"start":{"line":74,"column":2},"end":{"line":76,"column":null}},"39":{"start":{"line":75,"column":4},"end":{"line":75,"column":null}},"40":{"start":{"line":78,"column":17},"end":{"line":78,"column":58}},"41":{"start":{"line":80,"column":26},"end":{"line":80,"column":70}},"42":{"start":{"line":81,"column":2},"end":{"line":81,"column":null}},"43":{"start":{"line":81,"column":13},"end":{"line":81,"column":null}},"44":{"start":{"line":83,"column":2},"end":{"line":83,"column":null}},"45":{"start":{"line":87,"column":2},"end":{"line":87,"column":null}},"46":{"start":{"line":87,"column":27},"end":{"line":87,"column":null}},"47":{"start":{"line":90,"column":29},"end":{"line":90,"column":76}},"48":{"start":{"line":91,"column":2},"end":{"line":91,"column":null}},"49":{"start":{"line":91,"column":17},"end":{"line":91,"column":null}},"50":{"start":{"line":94,"column":33},"end":{"line":94,"column":83}},"51":{"start":{"line":96,"column":2},"end":{"line":98,"column":null}},"52":{"start":{"line":97,"column":4},"end":{"line":97,"column":null}},"53":{"start":{"line":100,"column":26},"end":{"line":103,"column":4}},"54":{"start":{"line":105,"column":2},"end":{"line":107,"column":null}},"55":{"start":{"line":106,"column":4},"end":{"line":106,"column":null}},"56":{"start":{"line":109,"column":2},"end":{"line":112,"column":null}}},"fnMap":{"0":{"name":"listCustomers","decl":{"start":{"line":11,"column":22},"end":{"line":11,"column":35}},"loc":{"start":{"line":11,"column":92},"end":{"line":15,"column":null}},"line":11},"1":{"name":"updateCustomer","decl":{"start":{"line":17,"column":22},"end":{"line":17,"column":36}},"loc":{"start":{"line":17,"column":57},"end":{"line":33,"column":null}},"line":17},"2":{"name":"deleteCustomer","decl":{"start":{"line":35,"column":22},"end":{"line":35,"column":36}},"loc":{"start":{"line":35,"column":63},"end":{"line":63,"column":null}},"line":35},"3":{"name":"registerCustomer","decl":{"start":{"line":67,"column":22},"end":{"line":67,"column":38}},"loc":{"start":{"line":67,"column":55},"end":{"line":84,"column":null}},"line":67},"4":{"name":"loginCustomer","decl":{"start":{"line":86,"column":22},"end":{"line":86,"column":35}},"loc":{"start":{"line":86,"column":75},"end":{"line":113,"column":null}},"line":86}},"branchMap":{"0":{"loc":{"start":{"line":11,"column":46},"end":{"line":11,"column":90}},"type":"default-arg","locations":[{"start":{"line":11,"column":88},"end":{"line":11,"column":90}}],"line":11},"1":{"loc":{"start":{"line":11,"column":48},"end":{"line":11,"column":58}},"type":"default-arg","locations":[{"start":{"line":11,"column":56},"end":{"line":11,"column":58}}],"line":11},"2":{"loc":{"start":{"line":11,"column":60},"end":{"line":11,"column":70}},"type":"default-arg","locations":[{"start":{"line":11,"column":69},"end":{"line":11,"column":70}}],"line":11},"3":{"loc":{"start":{"line":11,"column":72},"end":{"line":11,"column":83}},"type":"default-arg","locations":[{"start":{"line":11,"column":81},"end":{"line":11,"column":83}}],"line":11},"4":{"loc":{"start":{"line":13,"column":2},"end":{"line":13,"column":null}},"type":"if","locations":[{"start":{"line":13,"column":2},"end":{"line":13,"column":null}},{"start":{},"end":{}}],"line":13},"5":{"loc":{"start":{"line":18,"column":2},"end":{"line":18,"column":null}},"type":"if","locations":[{"start":{"line":18,"column":2},"end":{"line":18,"column":null}},{"start":{},"end":{}}],"line":18},"6":{"loc":{"start":{"line":21,"column":2},"end":{"line":21,"column":null}},"type":"if","locations":[{"start":{"line":21,"column":2},"end":{"line":21,"column":null}},{"start":{},"end":{}}],"line":21},"7":{"loc":{"start":{"line":24,"column":2},"end":{"line":27,"column":null}},"type":"if","locations":[{"start":{"line":24,"column":2},"end":{"line":27,"column":null}},{"start":{},"end":{}}],"line":24},"8":{"loc":{"start":{"line":26,"column":4},"end":{"line":26,"column":null}},"type":"if","locations":[{"start":{"line":26,"column":4},"end":{"line":26,"column":null}},{"start":{},"end":{}}],"line":26},"9":{"loc":{"start":{"line":30,"column":2},"end":{"line":30,"column":null}},"type":"if","locations":[{"start":{"line":30,"column":2},"end":{"line":30,"column":null}},{"start":{},"end":{}}],"line":30},"10":{"loc":{"start":{"line":31,"column":2},"end":{"line":31,"column":null}},"type":"if","locations":[{"start":{"line":31,"column":2},"end":{"line":31,"column":null}},{"start":{},"end":{}}],"line":31},"11":{"loc":{"start":{"line":36,"column":2},"end":{"line":36,"column":null}},"type":"if","locations":[{"start":{"line":36,"column":2},"end":{"line":36,"column":null}},{"start":{},"end":{}}],"line":36},"12":{"loc":{"start":{"line":40,"column":2},"end":{"line":40,"column":null}},"type":"if","locations":[{"start":{"line":40,"column":2},"end":{"line":40,"column":null}},{"start":{},"end":{}}],"line":40},"13":{"loc":{"start":{"line":44,"column":2},"end":{"line":46,"column":null}},"type":"if","locations":[{"start":{"line":44,"column":2},"end":{"line":46,"column":null}},{"start":{},"end":{}}],"line":44},"14":{"loc":{"start":{"line":50,"column":2},"end":{"line":50,"column":null}},"type":"if","locations":[{"start":{"line":50,"column":2},"end":{"line":50,"column":null}},{"start":{},"end":{}}],"line":50},"15":{"loc":{"start":{"line":53,"column":2},"end":{"line":60,"column":null}},"type":"if","locations":[{"start":{"line":53,"column":2},"end":{"line":60,"column":null}},{"start":{},"end":{}}],"line":53},"16":{"loc":{"start":{"line":68,"column":2},"end":{"line":70,"column":null}},"type":"if","locations":[{"start":{"line":68,"column":2},"end":{"line":70,"column":null}},{"start":{},"end":{}}],"line":68},"17":{"loc":{"start":{"line":68,"column":6},"end":{"line":68,"column":31}},"type":"binary-expr","locations":[{"start":{"line":68,"column":6},"end":{"line":68,"column":16}},{"start":{"line":68,"column":20},"end":{"line":68,"column":31}}],"line":68},"18":{"loc":{"start":{"line":74,"column":2},"end":{"line":76,"column":null}},"type":"if","locations":[{"start":{"line":74,"column":2},"end":{"line":76,"column":null}},{"start":{},"end":{}}],"line":74},"19":{"loc":{"start":{"line":81,"column":2},"end":{"line":81,"column":null}},"type":"if","locations":[{"start":{"line":81,"column":2},"end":{"line":81,"column":null}},{"start":{},"end":{}}],"line":81},"20":{"loc":{"start":{"line":87,"column":2},"end":{"line":87,"column":null}},"type":"if","locations":[{"start":{"line":87,"column":2},"end":{"line":87,"column":null}},{"start":{},"end":{}}],"line":87},"21":{"loc":{"start":{"line":87,"column":6},"end":{"line":87,"column":25}},"type":"binary-expr","locations":[{"start":{"line":87,"column":6},"end":{"line":87,"column":12}},{"start":{"line":87,"column":16},"end":{"line":87,"column":25}}],"line":87},"22":{"loc":{"start":{"line":91,"column":2},"end":{"line":91,"column":null}},"type":"if","locations":[{"start":{"line":91,"column":2},"end":{"line":91,"column":null}},{"start":{},"end":{}}],"line":91},"23":{"loc":{"start":{"line":96,"column":2},"end":{"line":98,"column":null}},"type":"if","locations":[{"start":{"line":96,"column":2},"end":{"line":98,"column":null}},{"start":{},"end":{}}],"line":96},"24":{"loc":{"start":{"line":96,"column":6},"end":{"line":96,"column":42}},"type":"binary-expr","locations":[{"start":{"line":96,"column":6},"end":{"line":96,"column":19}},{"start":{"line":96,"column":23},"end":{"line":96,"column":42}}],"line":96},"25":{"loc":{"start":{"line":105,"column":2},"end":{"line":107,"column":null}},"type":"if","locations":[{"start":{"line":105,"column":2},"end":{"line":107,"column":null}},{"start":{},"end":{}}],"line":105},"26":{"loc":{"start":{"line":105,"column":6},"end":{"line":105,"column":28}},"type":"binary-expr","locations":[{"start":{"line":105,"column":6},"end":{"line":105,"column":11}},{"start":{"line":105,"column":15},"end":{"line":105,"column":28}}],"line":105}},"s":{"0":1,"1":1,"2":0,"3":1,"4":1,"5":0,"6":1,"7":1,"8":0,"9":1,"10":1,"11":1,"12":1,"13":0,"14":0,"15":0,"16":0,"17":0,"18":0,"19":1,"20":0,"21":1,"22":1,"23":0,"24":1,"25":1,"26":1,"27":0,"28":0,"29":0,"30":0,"31":0,"32":0,"33":0,"34":0,"35":2,"36":1,"37":1,"38":1,"39":0,"40":1,"41":1,"42":1,"43":0,"44":1,"45":1,"46":0,"47":1,"48":1,"49":1,"50":0,"51":0,"52":0,"53":0,"54":0,"55":0,"56":0},"f":{"0":1,"1":1,"2":1,"3":2,"4":1},"b":{"0":[1],"1":[1],"2":[1],"3":[1],"4":[0,1],"5":[0,1],"6":[0,1],"7":[1,0],"8":[1,0],"9":[0,0],"10":[0,0],"11":[0,1],"12":[0,1],"13":[1,0],"14":[0,0],"15":[0,0],"16":[1,1],"17":[2,1],"18":[0,1],"19":[0,1],"20":[0,1],"21":[1,1],"22":[1,0],"23":[0,0],"24":[0,0],"25":[0,0],"26":[0,0]},"meta":{"lastBranch":27,"lastFunction":5,"lastStatement":57,"seen":{"f:11:22:11:35":0,"b:11:88:11:90":0,"b:11:56:11:58":1,"b:11:69:11:70":2,"b:11:81:11:83":3,"s:12:33:12:96":0,"b:13:2:13:Infinity:undefined:undefined:undefined:undefined":4,"s:13:2:13:Infinity":1,"s:13:13:13:Infinity":2,"s:14:2:14:Infinity":3,"f:17:22:17:36":1,"b:18:2:18:Infinity:undefined:undefined:undefined:undefined":5,"s:18:2:18:Infinity":4,"s:18:11:18:Infinity":5,"s:20:17:20:58":6,"b:21:2:21:Infinity:undefined:undefined:undefined:undefined":6,"s:21:2:21:Infinity":7,"s:21:41:21:Infinity":8,"b:24:2:27:Infinity:undefined:undefined:undefined:undefined":7,"s:24:2:27:Infinity":9,"s:25:26:25:85":10,"b:26:4:26:Infinity:undefined:undefined:undefined:undefined":8,"s:26:4:26:Infinity":11,"s:26:13:26:Infinity":12,"s:29:26:29:78":13,"b:30:2:30:Infinity:undefined:undefined:undefined:undefined":9,"s:30:2:30:Infinity":14,"s:30:13:30:Infinity":15,"b:31:2:31:Infinity:undefined:undefined:undefined:undefined":10,"s:31:2:31:Infinity":16,"s:31:13:31:Infinity":17,"s:32:2:32:Infinity":18,"f:35:22:35:36":2,"b:36:2:36:Infinity:undefined:undefined:undefined:undefined":11,"s:36:2:36:Infinity":19,"s:36:11:36:Infinity":20,"s:39:29:39:70":21,"b:40:2:40:Infinity:undefined:undefined:undefined:undefined":12,"s:40:2:40:Infinity":22,"s:40:17:40:Infinity":23,"s:43:20:43:74":24,"b:44:2:46:Infinity:undefined:undefined:undefined:undefined":13,"s:44:2:46:Infinity":25,"s:45:4:45:Infinity":26,"s:49:20:49:63":27,"b:50:2:50:Infinity:undefined:undefined:undefined:undefined":14,"s:50:2:50:Infinity":28,"s:50:13:50:Infinity":29,"b:53:2:60:Infinity:undefined:undefined:undefined:undefined":15,"s:53:2:60:Infinity":30,"s:54:4:59:Infinity":31,"s:55:6:55:Infinity":32,"s:58:6:58:Infinity":33,"s:62:2:62:Infinity":34,"f:67:22:67:38":3,"b:68:2:70:Infinity:undefined:undefined:undefined:undefined":16,"s:68:2:70:Infinity":35,"b:68:6:68:16:68:20:68:31":17,"s:69:4:69:Infinity":36,"s:73:29:73:81":37,"b:74:2:76:Infinity:undefined:undefined:undefined:undefined":18,"s:74:2:76:Infinity":38,"s:75:4:75:Infinity":39,"s:78:17:78:58":40,"s:80:26:80:70":41,"b:81:2:81:Infinity:undefined:undefined:undefined:undefined":19,"s:81:2:81:Infinity":42,"s:81:13:81:Infinity":43,"s:83:2:83:Infinity":44,"f:86:22:86:35":4,"b:87:2:87:Infinity:undefined:undefined:undefined:undefined":20,"s:87:2:87:Infinity":45,"b:87:6:87:12:87:16:87:25":21,"s:87:27:87:Infinity":46,"s:90:29:90:76":47,"b:91:2:91:Infinity:undefined:undefined:undefined:undefined":22,"s:91:2:91:Infinity":48,"s:91:17:91:Infinity":49,"s:94:33:94:83":50,"b:96:2:98:Infinity:undefined:undefined:undefined:undefined":23,"s:96:2:98:Infinity":51,"b:96:6:96:19:96:23:96:42":24,"s:97:4:97:Infinity":52,"s:100:26:103:4":53,"b:105:2:107:Infinity:undefined:undefined:undefined:undefined":25,"s:105:2:107:Infinity":54,"b:105:6:105:11:105:15:105:28":26,"s:106:4:106:Infinity":55,"s:109:2:112:Infinity":56}}}
,"/home/ss/project/mitra-flow/src/core/services/employee.service.js": {"path":"/home/ss/project/mitra-flow/src/core/services/employee.service.js","statementMap":{"0":{"start":{"line":11,"column":33},"end":{"line":11,"column":96}},"1":{"start":{"line":12,"column":2},"end":{"line":12,"column":null}},"2":{"start":{"line":12,"column":13},"end":{"line":12,"column":null}},"3":{"start":{"line":13,"column":2},"end":{"line":13,"column":null}},"4":{"start":{"line":17,"column":2},"end":{"line":17,"column":null}},"5":{"start":{"line":17,"column":18},"end":{"line":17,"column":null}},"6":{"start":{"line":18,"column":2},"end":{"line":18,"column":null}},"7":{"start":{"line":18,"column":25},"end":{"line":18,"column":null}},"8":{"start":{"line":19,"column":2},"end":{"line":19,"column":null}},"9":{"start":{"line":19,"column":22},"end":{"line":19,"column":null}},"10":{"start":{"line":21,"column":17},"end":{"line":21,"column":58}},"11":{"start":{"line":23,"column":26},"end":{"line":23,"column":70}},"12":{"start":{"line":24,"column":2},"end":{"line":24,"column":null}},"13":{"start":{"line":24,"column":13},"end":{"line":24,"column":null}},"14":{"start":{"line":25,"column":2},"end":{"line":25,"column":null}},"15":{"start":{"line":29,"column":2},"end":{"line":29,"column":null}},"16":{"start":{"line":29,"column":11},"end":{"line":29,"column":null}},"17":{"start":{"line":31,"column":17},"end":{"line":31,"column":58}},"18":{"start":{"line":32,"column":2},"end":{"line":32,"column":null}},"19":{"start":{"line":32,"column":41},"end":{"line":32,"column":null}},"20":{"start":{"line":34,"column":26},"end":{"line":34,"column":78}},"21":{"start":{"line":35,"column":2},"end":{"line":35,"column":null}},"22":{"start":{"line":35,"column":13},"end":{"line":35,"column":null}},"23":{"start":{"line":36,"column":2},"end":{"line":36,"column":null}},"24":{"start":{"line":36,"column":13},"end":{"line":36,"column":null}},"25":{"start":{"line":37,"column":2},"end":{"line":37,"column":null}},"26":{"start":{"line":41,"column":2},"end":{"line":41,"column":null}},"27":{"start":{"line":41,"column":11},"end":{"line":41,"column":null}},"28":{"start":{"line":43,"column":29},"end":{"line":43,"column":70}},"29":{"start":{"line":44,"column":2},"end":{"line":44,"column":null}},"30":{"start":{"line":44,"column":17},"end":{"line":44,"column":null}},"31":{"start":{"line":46,"column":20},"end":{"line":46,"column":63}},"32":{"start":{"line":47,"column":2},"end":{"line":47,"column":null}},"33":{"start":{"line":47,"column":13},"end":{"line":47,"column":null}},"34":{"start":{"line":48,"column":2},"end":{"line":48,"column":null}},"35":{"start":{"line":54,"column":2},"end":{"line":54,"column":null}},"36":{"start":{"line":54,"column":19},"end":{"line":54,"column":null}},"37":{"start":{"line":55,"column":26},"end":{"line":55,"column":84}},"38":{"start":{"line":56,"column":2},"end":{"line":56,"column":null}},"39":{"start":{"line":56,"column":13},"end":{"line":56,"column":null}},"40":{"start":{"line":57,"column":2},"end":{"line":57,"column":null}},"41":{"start":{"line":61,"column":2},"end":{"line":61,"column":null}},"42":{"start":{"line":61,"column":19},"end":{"line":61,"column":null}},"43":{"start":{"line":62,"column":2},"end":{"line":62,"column":null}},"44":{"start":{"line":62,"column":28},"end":{"line":62,"column":null}},"45":{"start":{"line":64,"column":18},"end":{"line":67,"column":3}},"46":{"start":{"line":69,"column":26},"end":{"line":69,"column":82}},"47":{"start":{"line":70,"column":2},"end":{"line":70,"column":null}},"48":{"start":{"line":70,"column":13},"end":{"line":70,"column":null}},"49":{"start":{"line":71,"column":2},"end":{"line":71,"column":null}}},"fnMap":{"0":{"name":"listEmployees","decl":{"start":{"line":10,"column":22},"end":{"line":10,"column":35}},"loc":{"start":{"line":10,"column":92},"end":{"line":14,"column":null}},"line":10},"1":{"name":"createEmployee","decl":{"start":{"line":16,"column":22},"end":{"line":16,"column":36}},"loc":{"start":{"line":16,"column":53},"end":{"line":26,"column":null}},"line":16},"2":{"name":"updateEmployee","decl":{"start":{"line":28,"column":22},"end":{"line":28,"column":36}},"loc":{"start":{"line":28,"column":57},"end":{"line":38,"column":null}},"line":28},"3":{"name":"deleteEmployee","decl":{"start":{"line":40,"column":22},"end":{"line":40,"column":36}},"loc":{"start":{"line":40,"column":51},"end":{"line":49,"column":null}},"line":40},"4":{"name":"getSalaryConfigs","decl":{"start":{"line":53,"column":22},"end":{"line":53,"column":38}},"loc":{"start":{"line":53,"column":61},"end":{"line":58,"column":null}},"line":53},"5":{"name":"upsertSalaryConfig","decl":{"start":{"line":60,"column":22},"end":{"line":60,"column":40}},"loc":{"start":{"line":60,"column":69},"end":{"line":72,"column":null}},"line":60}},"branchMap":{"0":{"loc":{"start":{"line":10,"column":46},"end":{"line":10,"column":90}},"type":"default-arg","locations":[{"start":{"line":10,"column":88},"end":{"line":10,"column":90}}],"line":10},"1":{"loc":{"start":{"line":10,"column":48},"end":{"line":10,"column":58}},"type":"default-arg","locations":[{"start":{"line":10,"column":56},"end":{"line":10,"column":58}}],"line":10},"2":{"loc":{"start":{"line":10,"column":60},"end":{"line":10,"column":70}},"type":"default-arg","locations":[{"start":{"line":10,"column":69},"end":{"line":10,"column":70}}],"line":10},"3":{"loc":{"start":{"line":10,"column":72},"end":{"line":10,"column":83}},"type":"default-arg","locations":[{"start":{"line":10,"column":81},"end":{"line":10,"column":83}}],"line":10},"4":{"loc":{"start":{"line":12,"column":2},"end":{"line":12,"column":null}},"type":"if","locations":[{"start":{"line":12,"column":2},"end":{"line":12,"column":null}},{"start":{},"end":{}}],"line":12},"5":{"loc":{"start":{"line":17,"column":2},"end":{"line":17,"column":null}},"type":"if","locations":[{"start":{"line":17,"column":2},"end":{"line":17,"column":null}},{"start":{},"end":{}}],"line":17},"6":{"loc":{"start":{"line":18,"column":2},"end":{"line":18,"column":null}},"type":"if","locations":[{"start":{"line":18,"column":2},"end":{"line":18,"column":null}},{"start":{},"end":{}}],"line":18},"7":{"loc":{"start":{"line":19,"column":2},"end":{"line":19,"column":null}},"type":"if","locations":[{"start":{"line":19,"column":2},"end":{"line":19,"column":null}},{"start":{},"end":{}}],"line":19},"8":{"loc":{"start":{"line":24,"column":2},"end":{"line":24,"column":null}},"type":"if","locations":[{"start":{"line":24,"column":2},"end":{"line":24,"column":null}},{"start":{},"end":{}}],"line":24},"9":{"loc":{"start":{"line":29,"column":2},"end":{"line":29,"column":null}},"type":"if","locations":[{"start":{"line":29,"column":2},"end":{"line":29,"column":null}},{"start":{},"end":{}}],"line":29},"10":{"loc":{"start":{"line":32,"column":2},"end":{"line":32,"column":null}},"type":"if","locations":[{"start":{"line":32,"column":2},"end":{"line":32,"column":null}},{"start":{},"end":{}}],"line":32},"11":{"loc":{"start":{"line":35,"column":2},"end":{"line":35,"column":null}},"type":"if","locations":[{"start":{"line":35,"column":2},"end":{"line":35,"column":null}},{"start":{},"end":{}}],"line":35},"12":{"loc":{"start":{"line":36,"column":2},"end":{"line":36,"column":null}},"type":"if","locations":[{"start":{"line":36,"column":2},"end":{"line":36,"column":null}},{"start":{},"end":{}}],"line":36},"13":{"loc":{"start":{"line":41,"column":2},"end":{"line":41,"column":null}},"type":"if","locations":[{"start":{"line":41,"column":2},"end":{"line":41,"column":null}},{"start":{},"end":{}}],"line":41},"14":{"loc":{"start":{"line":44,"column":2},"end":{"line":44,"column":null}},"type":"if","locations":[{"start":{"line":44,"column":2},"end":{"line":44,"column":null}},{"start":{},"end":{}}],"line":44},"15":{"loc":{"start":{"line":47,"column":2},"end":{"line":47,"column":null}},"type":"if","locations":[{"start":{"line":47,"column":2},"end":{"line":47,"column":null}},{"start":{},"end":{}}],"line":47},"16":{"loc":{"start":{"line":54,"column":2},"end":{"line":54,"column":null}},"type":"if","locations":[{"start":{"line":54,"column":2},"end":{"line":54,"column":null}},{"start":{},"end":{}}],"line":54},"17":{"loc":{"start":{"line":56,"column":2},"end":{"line":56,"column":null}},"type":"if","locations":[{"start":{"line":56,"column":2},"end":{"line":56,"column":null}},{"start":{},"end":{}}],"line":56},"18":{"loc":{"start":{"line":61,"column":2},"end":{"line":61,"column":null}},"type":"if","locations":[{"start":{"line":61,"column":2},"end":{"line":61,"column":null}},{"start":{},"end":{}}],"line":61},"19":{"loc":{"start":{"line":62,"column":2},"end":{"line":62,"column":null}},"type":"if","locations":[{"start":{"line":62,"column":2},"end":{"line":62,"column":null}},{"start":{},"end":{}}],"line":62},"20":{"loc":{"start":{"line":70,"column":2},"end":{"line":70,"column":null}},"type":"if","locations":[{"start":{"line":70,"column":2},"end":{"line":70,"column":null}},{"start":{},"end":{}}],"line":70}},"s":{"0":3,"1":3,"2":1,"3":2,"4":4,"5":1,"6":3,"7":3,"8":2,"9":2,"10":1,"11":1,"12":1,"13":0,"14":1,"15":2,"16":0,"17":2,"18":2,"19":1,"20":1,"21":1,"22":0,"23":1,"24":1,"25":1,"26":2,"27":0,"28":2,"29":2,"30":1,"31":1,"32":1,"33":0,"34":1,"35":2,"36":0,"37":2,"38":2,"39":1,"40":1,"41":3,"42":1,"43":2,"44":2,"45":1,"46":1,"47":1,"48":0,"49":1},"f":{"0":3,"1":4,"2":2,"3":2,"4":2,"5":3},"b":{"0":[3],"1":[3],"2":[3],"3":[3],"4":[1,2],"5":[1,3],"6":[1,2],"7":[1,1],"8":[0,1],"9":[0,2],"10":[1,1],"11":[0,1],"12":[0,1],"13":[0,2],"14":[1,1],"15":[0,1],"16":[0,2],"17":[1,1],"18":[1,2],"19":[1,1],"20":[0,1]},"meta":{"lastBranch":21,"lastFunction":6,"lastStatement":50,"seen":{"f:10:22:10:35":0,"b:10:88:10:90":0,"b:10:56:10:58":1,"b:10:69:10:70":2,"b:10:81:10:83":3,"s:11:33:11:96":0,"b:12:2:12:Infinity:undefined:undefined:undefined:undefined":4,"s:12:2:12:Infinity":1,"s:12:13:12:Infinity":2,"s:13:2:13:Infinity":3,"f:16:22:16:36":1,"b:17:2:17:Infinity:undefined:undefined:undefined:undefined":5,"s:17:2:17:Infinity":4,"s:17:18:17:Infinity":5,"b:18:2:18:Infinity:undefined:undefined:undefined:undefined":6,"s:18:2:18:Infinity":6,"s:18:25:18:Infinity":7,"b:19:2:19:Infinity:undefined:undefined:undefined:undefined":7,"s:19:2:19:Infinity":8,"s:19:22:19:Infinity":9,"s:21:17:21:58":10,"s:23:26:23:70":11,"b:24:2:24:Infinity:undefined:undefined:undefined:undefined":8,"s:24:2:24:Infinity":12,"s:24:13:24:Infinity":13,"s:25:2:25:Infinity":14,"f:28:22:28:36":2,"b:29:2:29:Infinity:undefined:undefined:undefined:undefined":9,"s:29:2:29:Infinity":15,"s:29:11:29:Infinity":16,"s:31:17:31:58":17,"b:32:2:32:Infinity:undefined:undefined:undefined:undefined":10,"s:32:2:32:Infinity":18,"s:32:41:32:Infinity":19,"s:34:26:34:78":20,"b:35:2:35:Infinity:undefined:undefined:undefined:undefined":11,"s:35:2:35:Infinity":21,"s:35:13:35:Infinity":22,"b:36:2:36:Infinity:undefined:undefined:undefined:undefined":12,"s:36:2:36:Infinity":23,"s:36:13:36:Infinity":24,"s:37:2:37:Infinity":25,"f:40:22:40:36":3,"b:41:2:41:Infinity:undefined:undefined:undefined:undefined":13,"s:41:2:41:Infinity":26,"s:41:11:41:Infinity":27,"s:43:29:43:70":28,"b:44:2:44:Infinity:undefined:undefined:undefined:undefined":14,"s:44:2:44:Infinity":29,"s:44:17:44:Infinity":30,"s:46:20:46:63":31,"b:47:2:47:Infinity:undefined:undefined:undefined:undefined":15,"s:47:2:47:Infinity":32,"s:47:13:47:Infinity":33,"s:48:2:48:Infinity":34,"f:53:22:53:38":4,"b:54:2:54:Infinity:undefined:undefined:undefined:undefined":16,"s:54:2:54:Infinity":35,"s:54:19:54:Infinity":36,"s:55:26:55:84":37,"b:56:2:56:Infinity:undefined:undefined:undefined:undefined":17,"s:56:2:56:Infinity":38,"s:56:13:56:Infinity":39,"s:57:2:57:Infinity":40,"f:60:22:60:40":5,"b:61:2:61:Infinity:undefined:undefined:undefined:undefined":18,"s:61:2:61:Infinity":41,"s:61:19:61:Infinity":42,"b:62:2:62:Infinity:undefined:undefined:undefined:undefined":19,"s:62:2:62:Infinity":43,"s:62:28:62:Infinity":44,"s:64:18:67:3":45,"s:69:26:69:82":46,"b:70:2:70:Infinity:undefined:undefined:undefined:undefined":20,"s:70:2:70:Infinity":47,"s:70:13:70:Infinity":48,"s:71:2:71:Infinity":49}}}
,"/home/ss/project/mitra-flow/src/core/services/finance.service.js": {"path":"/home/ss/project/mitra-flow/src/core/services/finance.service.js","statementMap":{"0":{"start":{"line":9,"column":33},"end":{"line":9,"column":107}},"1":{"start":{"line":10,"column":2},"end":{"line":10,"column":null}},"2":{"start":{"line":10,"column":13},"end":{"line":10,"column":null}},"3":{"start":{"line":11,"column":2},"end":{"line":11,"column":null}},"4":{"start":{"line":15,"column":2},"end":{"line":17,"column":null}},"5":{"start":{"line":16,"column":4},"end":{"line":16,"column":null}},"6":{"start":{"line":19,"column":18},"end":{"line":28,"column":3}},"7":{"start":{"line":30,"column":26},"end":{"line":30,"column":80}},"8":{"start":{"line":31,"column":2},"end":{"line":31,"column":null}},"9":{"start":{"line":31,"column":13},"end":{"line":31,"column":null}},"10":{"start":{"line":32,"column":2},"end":{"line":32,"column":null}},"11":{"start":{"line":36,"column":26},"end":{"line":36,"column":89}},"12":{"start":{"line":37,"column":2},"end":{"line":37,"column":null}},"13":{"start":{"line":37,"column":13},"end":{"line":37,"column":null}},"14":{"start":{"line":39,"column":17},"end":{"line":39,"column":100}},"15":{"start":{"line":39,"column":34},"end":{"line":39,"column":65}},"16":{"start":{"line":39,"column":84},"end":{"line":39,"column":96}},"17":{"start":{"line":40,"column":18},"end":{"line":40,"column":102}},"18":{"start":{"line":40,"column":35},"end":{"line":40,"column":67}},"19":{"start":{"line":40,"column":86},"end":{"line":40,"column":98}},"20":{"start":{"line":42,"column":2},"end":{"line":47,"column":null}}},"fnMap":{"0":{"name":"listTransactions","decl":{"start":{"line":8,"column":22},"end":{"line":8,"column":38}},"loc":{"start":{"line":8,"column":95},"end":{"line":12,"column":null}},"line":8},"1":{"name":"createTransaction","decl":{"start":{"line":14,"column":22},"end":{"line":14,"column":39}},"loc":{"start":{"line":14,"column":64},"end":{"line":33,"column":null}},"line":14},"2":{"name":"getFinancialSummary","decl":{"start":{"line":35,"column":22},"end":{"line":35,"column":41}},"loc":{"start":{"line":35,"column":81},"end":{"line":48,"column":null}},"line":35},"3":{"name":"(anonymous_3)","decl":{"start":{"line":39,"column":29},"end":{"line":39,"column":30}},"loc":{"start":{"line":39,"column":34},"end":{"line":39,"column":65}},"line":39},"4":{"name":"(anonymous_4)","decl":{"start":{"line":39,"column":74},"end":{"line":39,"column":75}},"loc":{"start":{"line":39,"column":84},"end":{"line":39,"column":96}},"line":39},"5":{"name":"(anonymous_5)","decl":{"start":{"line":40,"column":30},"end":{"line":40,"column":31}},"loc":{"start":{"line":40,"column":35},"end":{"line":40,"column":67}},"line":40},"6":{"name":"(anonymous_6)","decl":{"start":{"line":40,"column":76},"end":{"line":40,"column":77}},"loc":{"start":{"line":40,"column":86},"end":{"line":40,"column":98}},"line":40}},"branchMap":{"0":{"loc":{"start":{"line":8,"column":49},"end":{"line":8,"column":93}},"type":"default-arg","locations":[{"start":{"line":8,"column":91},"end":{"line":8,"column":93}}],"line":8},"1":{"loc":{"start":{"line":8,"column":51},"end":{"line":8,"column":61}},"type":"default-arg","locations":[{"start":{"line":8,"column":59},"end":{"line":8,"column":61}}],"line":8},"2":{"loc":{"start":{"line":8,"column":63},"end":{"line":8,"column":73}},"type":"default-arg","locations":[{"start":{"line":8,"column":72},"end":{"line":8,"column":73}}],"line":8},"3":{"loc":{"start":{"line":8,"column":75},"end":{"line":8,"column":86}},"type":"default-arg","locations":[{"start":{"line":8,"column":84},"end":{"line":8,"column":86}}],"line":8},"4":{"loc":{"start":{"line":10,"column":2},"end":{"line":10,"column":null}},"type":"if","locations":[{"start":{"line":10,"column":2},"end":{"line":10,"column":null}},{"start":{},"end":{}}],"line":10},"5":{"loc":{"start":{"line":15,"column":2},"end":{"line":17,"column":null}},"type":"if","locations":[{"start":{"line":15,"column":2},"end":{"line":17,"column":null}},{"start":{},"end":{}}],"line":15},"6":{"loc":{"start":{"line":15,"column":6},"end":{"line":15,"column":65}},"type":"binary-expr","locations":[{"start":{"line":15,"column":6},"end":{"line":15,"column":18}},{"start":{"line":15,"column":22},"end":{"line":15,"column":44}},{"start":{"line":15,"column":48},"end":{"line":15,"column":65}}],"line":15},"7":{"loc":{"start":{"line":20,"column":22},"end":{"line":20,"column":71}},"type":"binary-expr","locations":[{"start":{"line":20,"column":22},"end":{"line":20,"column":43}},{"start":{"line":20,"column":47},"end":{"line":20,"column":71}}],"line":20},"8":{"loc":{"start":{"line":22,"column":14},"end":{"line":22,"column":38}},"type":"binary-expr","locations":[{"start":{"line":22,"column":14},"end":{"line":22,"column":27}},{"start":{"line":22,"column":31},"end":{"line":22,"column":38}}],"line":22},"9":{"loc":{"start":{"line":25,"column":18},"end":{"line":25,"column":43}},"type":"binary-expr","locations":[{"start":{"line":25,"column":18},"end":{"line":25,"column":35}},{"start":{"line":25,"column":39},"end":{"line":25,"column":43}}],"line":25},"10":{"loc":{"start":{"line":26,"column":21},"end":{"line":26,"column":49}},"type":"binary-expr","locations":[{"start":{"line":26,"column":21},"end":{"line":26,"column":41}},{"start":{"line":26,"column":45},"end":{"line":26,"column":49}}],"line":26},"11":{"loc":{"start":{"line":31,"column":2},"end":{"line":31,"column":null}},"type":"if","locations":[{"start":{"line":31,"column":2},"end":{"line":31,"column":null}},{"start":{},"end":{}}],"line":31},"12":{"loc":{"start":{"line":35,"column":52},"end":{"line":35,"column":79}},"type":"default-arg","locations":[{"start":{"line":35,"column":77},"end":{"line":35,"column":79}}],"line":35},"13":{"loc":{"start":{"line":37,"column":2},"end":{"line":37,"column":null}},"type":"if","locations":[{"start":{"line":37,"column":2},"end":{"line":37,"column":null}},{"start":{},"end":{}}],"line":37}},"s":{"0":1,"1":1,"2":0,"3":1,"4":2,"5":1,"6":1,"7":2,"8":1,"9":1,"10":1,"11":1,"12":1,"13":0,"14":1,"15":2,"16":1,"17":1,"18":2,"19":1,"20":1},"f":{"0":1,"1":2,"2":1,"3":2,"4":1,"5":2,"6":1},"b":{"0":[1],"1":[1],"2":[1],"3":[1],"4":[0,1],"5":[1,1],"6":[2,2,1],"7":[1,1],"8":[2,1],"9":[2,1],"10":[2,1],"11":[0,1],"12":[1],"13":[0,1]},"meta":{"lastBranch":14,"lastFunction":7,"lastStatement":21,"seen":{"f:8:22:8:38":0,"b:8:91:8:93":0,"b:8:59:8:61":1,"b:8:72:8:73":2,"b:8:84:8:86":3,"s:9:33:9:107":0,"b:10:2:10:Infinity:undefined:undefined:undefined:undefined":4,"s:10:2:10:Infinity":1,"s:10:13:10:Infinity":2,"s:11:2:11:Infinity":3,"f:14:22:14:39":1,"b:15:2:17:Infinity:undefined:undefined:undefined:undefined":5,"s:15:2:17:Infinity":4,"b:15:6:15:18:15:22:15:44:15:48:15:65":6,"s:16:4:16:Infinity":5,"s:19:18:28:3":6,"b:20:22:20:43:20:47:20:71":7,"b:22:14:22:27:22:31:22:38":8,"b:25:18:25:35:25:39:25:43":9,"b:26:21:26:41:26:45:26:49":10,"s:30:26:30:80":7,"b:31:2:31:Infinity:undefined:undefined:undefined:undefined":11,"s:31:2:31:Infinity":8,"s:31:13:31:Infinity":9,"s:32:2:32:Infinity":10,"f:35:22:35:41":2,"b:35:77:35:79":12,"s:36:26:36:89":11,"b:37:2:37:Infinity:undefined:undefined:undefine
[...]
}],"line":119},"33":{"loc":{"start":{"line":120,"column":2},"end":{"line":120,"column":null}},"type":"if","locations":[{"start":{"line":120,"column":2},"end":{"line":120,"column":null}},{"start":{},"end":{}}],"line":120},"34":{"loc":{"start":{"line":123,"column":2},"end":{"line":123,"column":null}},"type":"if","locations":[{"start":{"line":123,"column":2},"end":{"line":123,"column":null}},{"start":{},"end":{}}],"line":123},"35":{"loc":{"start":{"line":123,"column":6},"end":{"line":123,"column":21}},"type":"binary-expr","locations":[{"start":{"line":123,"column":6},"end":{"line":123,"column":14}},{"start":{"line":123,"column":18},"end":{"line":123,"column":21}}],"line":123},"36":{"loc":{"start":{"line":124,"column":2},"end":{"line":124,"column":null}},"type":"if","locations":[{"start":{"line":124,"column":2},"end":{"line":124,"column":null}},{"start":{},"end":{}}],"line":124},"37":{"loc":{"start":{"line":126,"column":22},"end":{"line":126,"column":53}},"type":"binary-expr","locations":[{"start":{"line":126,"column":22},"end":{"line":126,"column":47}},{"start":{"line":126,"column":51},"end":{"line":126,"column":53}}],"line":126},"38":{"loc":{"start":{"line":127,"column":21},"end":{"line":127,"column":90}},"type":"binary-expr","locations":[{"start":{"line":127,"column":21},"end":{"line":127,"column":69}},{"start":{"line":127,"column":73},"end":{"line":127,"column":90}}],"line":127},"39":{"loc":{"start":{"line":129,"column":2},"end":{"line":138,"column":null}},"type":"if","locations":[{"start":{"line":129,"column":2},"end":{"line":138,"column":null}},{"start":{},"end":{}}],"line":129},"40":{"loc":{"start":{"line":133,"column":6},"end":{"line":136,"column":null}},"type":"if","locations":[{"start":{"line":133,"column":6},"end":{"line":136,"column":null}},{"start":{},"end":{}}],"line":133},"41":{"loc":{"start":{"line":133,"column":10},"end":{"line":133,"column":49}},"type":"binary-expr","locations":[{"start":{"line":133,"column":10},"end":{"line":133,"column":17}},{"start":{"line":133,"column":21},"end":{"line":133,"column":49}}],"line":133},"42":{"loc":{"start":{"line":140,"column":2},"end":{"line":140,"column":null}},"type":"if","locations":[{"start":{"line":140,"column":2},"end":{"line":140,"column":null}},{"start":{},"end":{}}],"line":140},"43":{"loc":{"start":{"line":144,"column":2},"end":{"line":144,"column":null}},"type":"if","locations":[{"start":{"line":144,"column":2},"end":{"line":144,"column":null}},{"start":{},"end":{}}],"line":144},"44":{"loc":{"start":{"line":147,"column":2},"end":{"line":176,"column":null}},"type":"if","locations":[{"start":{"line":147,"column":2},"end":{"line":176,"column":null}},{"start":{},"end":{}}],"line":147},"45":{"loc":{"start":{"line":150,"column":4},"end":{"line":167,"column":null}},"type":"if","locations":[{"start":{"line":150,"column":4},"end":{"line":167,"column":null}},{"start":{},"end":{}}],"line":150},"46":{"loc":{"start":{"line":150,"column":8},"end":{"line":150,"column":41}},"type":"binary-expr","locations":[{"start":{"line":150,"column":8},"end":{"line":150,"column":11}},{"start":{"line":150,"column":15},"end":{"line":150,"column":41}}],"line":150},"47":{"loc":{"start":{"line":152,"column":35},"end":{"line":152,"column":83}},"type":"binary-expr","locations":[{"start":{"line":152,"column":35},"end":{"line":152,"column":65}},{"start":{"line":152,"column":69},"end":{"line":152,"column":83}}],"line":152},"48":{"loc":{"start":{"line":162,"column":6},"end":{"line":166,"column":null}},"type":"if","locations":[{"start":{"line":162,"column":6},"end":{"line":166,"column":null}},{"start":{},"end":{}}],"line":162},"49":{"loc":{"start":{"line":170,"column":4},"end":{"line":175,"column":null}},"type":"if","locations":[{"start":{"line":170,"column":4},"end":{"line":175,"column":null}},{"start":{},"end":{}}],"line":170},"50":{"loc":{"start":{"line":170,"column":8},"end":{"line":170,"column":50}},"type":"binary-expr","locations":[{"start":{"line":170,"column":8},"end":{"line":170,"column":29}},{"start":{"line":170,"column":33},"end":{"line":170,"column":50}}],"line":170},"51":{"loc":{"start":{"line":172,"column":21},"end":{"line":172,"column":55}},"type":"binary-expr","locations":[{"start":{"line":172,"column":21},"end":{"line":172,"column":42}},{"start":{"line":172,"column":46},"end":{"line":172,"column":55}}],"line":172},"52":{"loc":{"start":{"line":173,"column":17},"end":{"line":173,"column":null}},"type":"binary-expr","locations":[{"start":{"line":173,"column":17},"end":{"line":173,"column":34}},{"start":{"line":173,"column":38},"end":{"line":173,"column":null}}],"line":173},"53":{"loc":{"start":{"line":179,"column":2},"end":{"line":185,"column":null}},"type":"if","locations":[{"start":{"line":179,"column":2},"end":{"line":185,"column":null}},{"start":{},"end":{}}],"line":179},"54":{"loc":{"start":{"line":179,"column":6},"end":{"line":179,"column":65}},"type":"binary-expr","locations":[{"start":{"line":179,"column":6},"end":{"line":179,"column":28}},{"start":{"line":179,"column":32},"end":{"line":179,"column":65}}],"line":179},"55":{"loc":{"start":{"line":182,"column":21},"end":{"line":182,"column":100}},"type":"cond-expr","locations":[{"start":{"line":182,"column":61},"end":{"line":182,"column":70}},{"start":{"line":182,"column":73},"end":{"line":182,"column":100}}],"line":182}},"s":{"0":2,"1":2,"2":0,"3":2,"4":3,"5":2,"6":1,"7":1,"8":1,"9":0,"10":1,"11":0,"12":1,"13":2,"14":0,"15":2,"16":2,"17":1,"18":1,"19":1,"20":0,"21":1,"22":1,"23":1,"24":1,"25":0,"26":1,"27":1,"28":0,"29":1,"30":3,"31":0,"32":3,"33":3,"34":1,"35":2,"36":2,"37":1,"38":1,"39":1,"40":1,"41":1,"42":0,"43":1,"44":3,"45":0,"46":1,"47":0,"48":1,"49":4,"50":0,"51":4,"52":4,"53":1,"54":3,"55":4,"56":1,"57":1,"58":0,"59":3,"60":3,"61":2,"62":2,"63":0,"64":2,"65":2,"66":1,"67":0,"68":1,"69":0,"70":1,"71":0,"72":1,"73":3,"74":0,"75":3,"76":3,"77":1,"78":2,"79":2,"80":2,"81":3,"82":2,"83":3,"84":1,"85":1,"86":1,"87":1,"88":1,"89":0,"90":0,"91":2,"92":2,"93":1,"94":1,"95":0,"96":1,"97":0,"98":0,"99":0,"100":0,"101":0,"102":0,"103":0,"104":0,"105":0,"106":0,"107":0,"108":1,"109":1,"110":1,"111":1,"112":1,"113":1,"114":0,"115":1},"f":{"0":2,"1":3,"2":0,"3":2,"4":1,"5":3,"6":0,"7":0,"8":4,"9":0,"10":0,"11":0,"12":3,"13":2,"14":1,"15":0},"b":{"0":[2],"1":[2],"2":[2],"3":[2],"4":[2],"5":[0,2],"6":[2,1],"7":[3,2],"8":[0,1],"9":[0,2],"10":[1,1],"11":[0,1],"12":[0,1],"13":[0,1],"14":[0,1],"15":[0,3],"16":[1,2],"17":[1,1],"18":[1,0],"19":[0,1],"20":[1,0],"21":[4],"22":[0,4],"23":[4],"24":[1,3],"25":[3,2],"26":[1,3],"27":[0,1],"28":[1,1],"29":[1,2],"30":[0,2],"31":[1,1],"32":[3],"33":[0,3],"34":[1,2],"35":[3,3],"36":[0,2],"37":[2,0],"38":[3,1],"39":[1,2],"40":[0,1],"41":[1,1],"42":[1,1],"43":[0,1],"44":[0,1],"45":[0,0],"46":[0,0],"47":[0,0],"48":[0,0],"49":[0,0],"50":[0,0],"51":[0,0],"52":[0,0],"53":[1,0],"54":[1,1],"55":[1,0]},"meta":{"lastBranch":56,"lastFunction":16,"lastStatement":116,"seen":{"f:15:22:15:36":0,"b:15:104:15:106":0,"b:15:57:15:59":1,"b:15:70:15:71":2,"b:15:82:15:86":3,"b:15:97:15:99":4,"s:16:33:16:98":0,"b:17:2:17:Infinity:undefined:undefined:undefined:undefined":5,"s:17:2:17:Infinity":1,"s:17:13:17:Infinity":2,"s:18:2:18:Infinity":3,"f:21:22:21:37":1,"b:22:2:22:Infinity:undefined:undefined:undefined:undefined":6,"s:22:2:22:Infinity":4,"b:22:6:22:19:22:23:22:34":7,"s:22:36:22:Infinity":5,"s:24:18:28:3":6,"s:30:26:30:64":7,"b:31:2:31:Infinity:undefined:undefined:undefined:undefined":8,"s:31:2:31:Infinity":8,"s:31:13:31:Infinity":9,"s:34:2:34:Infinity":10,"f:34:58:34:59":2,"s:34:63:34:100":11,"s:36:2:36:Infinity":12,"f:39:22:39:37":3,"b:40:2:40:Infinity:undefined:undefined:undefined:undefined":9,"s:40:2:40:Infinity":13,"s:40:11:40:Infinity":14,"s:41:17:41:60":15,"b:42:2:42:Infinity:undefined:undefined:undefined:undefined":10,"s:42:2:42:Infinity":16,"s:42:41:42:Infinity":17,"s:44:26:44:72":18,"b:45:2:45:Infinity:undefined:undefined:undefined:undefined":11,"s:45:2:45:Infinity":19,"s:45:13:45:Infinity":20,"b:46:2:46:Infinity:undefined:undefined:undefined:undefined":12,"s:46:2:46:Infinity":21,"s:46:13:46:Infinity":22,"s:48:2:48:Infinity":23,"f:51:22:51:37":4,"b:52:2:52:Infinity:undefined:undefined:undefined:undefined":13,"s:52:2:52:Infinity":24,"s:52:11:52:Infinity":25,"s:53:20:53:57":26,"b:54:2:54:Infinity:undefined:undefined:undefined:undefined":14,"s:54:2:54:Infinity":27,"s:54:13:54:Infinity":28,"s:55:2:55:Infinity":29,"f:58:22:58:38":5,"b:59:2:59:Infinity:undefined:undefined:undefined:undefined":15,"s:59:2:59:Infinity":30,"s:59:11:59:Infinity":31,"s:61:23:61:58":32,"b:62:2:62:Infinity:undefined:undefined:undefined:undefined":16,"s:62:2:62:Infinity":33,"s:62:11:62:Infinity":34,"b:63:2:63:Infinity:undefined:undefined:undefined:undefined":17,"s:63:2:63:Infinity":35,"s:63:31:63:Infinity":36,"s:65:24:65:47":37,"b:66:2:66:Infinity:undefined:undefined:undefined:undefined":18,"s:66:2:66:Infinity":38,"s:66:18:66:Infinity":39,"s:68:48:68:100":40,"b:69:2:69:Infinity:undefined:undefined:undefined:undefined":19,"s:69:2:69:Infinity":41,"s:69:17:69:Infinity":42,"s:72:25:76:3":43,"b:74:17:74:27:74:31:74:35":20,"s:77:2:77:Infinity":44,"f:77:64:77:65":6,"s:77:69:77:116":45,"s:79:2:79:Infinity":46,"f:79:55:79:56":7,"s:79:60:79:97":47,"s:81:2:81:Infinity":48,"f:84:22:84:36":8,"b:84:83:84:88":21,"b:85:2:85:Infinity:undefined:undefined:undefined:undefined":22,"s:85:2:85:Infinity":49,"s:85:11:85:Infinity":50,"s:86:50:86:54":51,"b:86:38:86:40":23,"b:87:2:87:Infinity:undefined:undefined:undefined:undefined":24,"s:87:2:87:Infinity":52,"s:87:21:87:Infinity":53,"s:89:21:89:68":54,"b:89:22:89:46:89:51:89:68":25,"b:91:2:96:Infinity:undefined:undefined:undefined:undefined":26,"s:91:2:96:Infinity":55,"s:92:33:92:84":56,"b:93:4:95:Infinity:undefined:undefined:undefined:undefined":27,"s:93:4:95:Infinity":57,"b:93:8:93:18:93:22:93:53":28,"s:94:6:94:Infinity":58,"b:98:2:98:Infinity:undefined:undefined:undefined:undefined":29,"s:98:2:98:Infinity":59,"s:98:21:98:Infinity":60,"s:100:37:100:94":61,"b:101:2:101:Infinity:undefined:undefined:undefined:undefined":30,"s:101:2:101:Infinity":62,"s:101:13:101:Infinity":63,"b:102:2:102:Infinity:undefined:undefined:undefined:undefined":31,"s:102:2:102:Infinity":64,"s:102:11:102:Infinity":65,"s:105:25:110:3":66,"f:107:23:107:31":9,"s:107:36:109:5":67,"s:112:2:112:Infinity":68,"f:112:65:112:66":10,"s:112:70:112:113":69,"s:114:2:114:Infinity":70,"f:114:50:114:51":11,"s:114:55:114:92":71,"s:116:2:116:Infinity":72,"f:119:22:119:36":12,"b:119:100:119:105":32,"b:120:2:120:Infinity:undefined:undefined:undefined:undefined":33,"s:120:2:120:Infinity":73,"s:120:11:120:Infinity":74,"s:122:40:122:90":75,"b:123:2:123:Infinity:undefined:undefined:undefined:undefined":34,"s:123:2:123:Infinity":76,"b:123:6:123:14:123:18:123:21":35,"s:123:23:123:Infinity":77,"b:124:2:124:Infinity:undefined:undefined:undefined:undefined":36,"s:124:2:124:Infinity":78,"s:124:30:124:Infinity":79,"s:126:22:126:53":80,"b:126:22:126:47:126:51:126:53":37,"s:127:21:127:90":81,"b:127:21:127:69:127:73:127:90":38,"f:127:38:127:39":13,"s:127:43:127:68":82,"b:129:2:138:Infinity:undefined:undefined:undefined:undefined":39,"s:129:2:138:Infinity":83,"s:130:24:130:59":84,"f:130:40:130:41":14,"s:130:45:130:58":85,"s:131:4:137:Infinity":86,"s:132:32:132:76":87,"b:133:6:136:Infinity:undefined:undefined:undefined:undefined":40,"s:133:6:136:Infinity":88,"b:133:10:133:17:133:21:133:49":41,"s:134:8:134:Infinity":89,"s:135:8:135:Infinity":90,"b:140:2:140:Infinity:undefined:undefined:undefined:undefined":42,"s:140:2:140:Infinity":91,"s:140:21:140:Infinity":92,"s:143:47:143:103":93,"b:144:2:144:Infinity:undefined:undefined:undefined:undefined":43,"s:144:2:144:Infinity":94,"s:144:16:144:Infinity":95,"b:147:2:176:Infinity:undefined:undefined:undefined:undefined":44,"s:147:2:176:Infinity":96,"s:148:26:148:74":97,"b:150:4:167:Infinity:undefined:undefined:undefined:undefined":45,"s:150:4:167:Infinity":98,"b:150:8:150:11:150:15:150:41":46,"s:151:32:151:68":99,"s:152:20:152:85":100,"b:152:35:152:65:152:69:152:83":47,"s:154:33:160:8":101,"b:162:6:166:Infinity:undefined:undefined:undefined:undefined":48,"s:162:6:166:Infinity":102,"s:163:8:163:Infinity":103,"s:164:8:164:Infinity":104,"s:165:8:165:Infinity":105,"b:170:4:175:Infinity:undefined:undefined:undefined:undefined":49,"s:170:4:175:Infinity":106,"b:170:8:170:29:170:33:170:50":50,"s:171:6:174:Infinity":107,"b:172:21:172:42:172:46:172:55":51,"b:173:17:173:34:173:38:173:Infinity":52,"b:179:2:185:Infinity:undefined:undefined:undefined:undefined":53,"s:179:2:185:Infinity":108,"b:179:6:179:28:179:32:179:65":54,"s:180:22:180:54":109,"s:181:4:184:Infinity":110,"s:182:21:182:100":111,"b:182:61:182:70:182:73:182:100":55,"s:183:6:183:Infinity":112,"s:187:2:187:Infinity":113,"f:187:52:187:53":15,"s:187:57:187:94":114,"s:189:2:189:Infinity":115}}}
,"/home/ss/project/mitra-flow/src/core/utils/constants.js": {"path":"/home/ss/project/mitra-flow/src/core/utils/constants.js","statementMap":{"0":{"start":{"line":5,"column":38},"end":{"line":5,"column":79}},"1":{"start":{"line":7,"column":40},"end":{"line":7,"column":77}},"2":{"start":{"line":9,"column":39},"end":{"line":13,"column":1}},"3":{"start":{"line":15,"column":41},"end":{"line":17,"column":1}},"4":{"start":{"line":19,"column":39},"end":{"line":23,"column":1}},"5":{"start":{"line":25,"column":44},"end":{"line":29,"column":1}}},"fnMap":{},"branchMap":{},"s":{"0":5,"1":5,"2":5,"3":5,"4":5,"5":5},"f":{},"b":{},"meta":{"lastBranch":0,"lastFunction":0,"lastStatement":6,"seen":{"s:5:38:5:79":0,"s:7:40:7:77":1,"s:9:39:13:1":2,"s:15:41:17:1":3,"s:19:39:23:1":4,"s:25:44:29:1":5}}}
,"/home/ss/project/mitra-flow/src/core/utils/http-mapper.js": {"path":"/home/ss/project/mitra-flow/src/core/utils/http-mapper.js","statementMap":{"0":{"start":{"line":5,"column":19},"end":{"line":15,"column":1}},"1":{"start":{"line":18,"column":2},"end":{"line":18,"column":null}},"2":{"start":{"line":25,"column":2},"end":{"line":25,"column":null}},"3":{"start":{"line":28,"column":40},"end":{"line":28,"column":89}},"4":{"start":{"line":29,"column":40},"end":{"line":29,"column":89}},"5":{"start":{"line":30,"column":40},"end":{"line":30,"column":96}},"6":{"start":{"line":31,"column":40},"end":{"line":31,"column":96}},"7":{"start":{"line":32,"column":40},"end":{"line":32,"column":96}},"8":{"start":{"line":33,"column":40},"end":{"line":33,"column":96}},"9":{"start":{"line":34,"column":40},"end":{"line":34,"column":97}},"10":{"start":{"line":35,"column":40},"end":{"line":35,"column":97}},"11":{"start":{"line":36,"column":40},"end":{"line":36,"column":96}}},"fnMap":{"0":{"name":"mapToHttpStatus","decl":{"start":{"line":17,"column":16},"end":{"line":17,"column":31}},"loc":{"start":{"line":17,"column":44},"end":{"line":19,"column":null}},"line":17},"1":{"name":"serviceResult","decl":{"start":{"line":24,"column":16},"end":{"line":24,"column":29}},"loc":{"start":{"line":24,"column":78},"end":{"line":26,"column":null}},"line":24},"2":{"name":"ok","decl":{"start":{"line":28,"column":16},"end":{"line":28,"column":18}},"loc":{"start":{"line":28,"column":38},"end":{"line":28,"column":null}},"line":28},"3":{"name":"created","decl":{"start":{"line":29,"column":16},"end":{"line":29,"column":23}},"loc":{"start":{"line":29,"column":38},"end":{"line":29,"column":null}},"line":29},"4":{"name":"badRequest","decl":{"start":{"line":30,"column":16},"end":{"line":30,"column":26}},"loc":{"start":{"line":30,"column":38},"end":{"line":30,"column":null}},"line":30},"5":{"name":"notFound","decl":{"start":{"line":31,"column":16},"end":{"line":31,"column":24}},"loc":{"start":{"line":31,"column":38},"end":{"line":31,"column":null}},"line":31},"6":{"name":"conflict","decl":{"start":{"line":32,"column":16},"end":{"line":32,"column":24}},"loc":{"start":{"line":32,"column":38},"end":{"line":32,"column":null}},"line":32},"7":{"name":"forbidden","decl":{"start":{"line":33,"column":16},"end":{"line":33,"column":25}},"loc":{"start":{"line":33,"column":38},"end":{"line":33,"column":null}},"line":33},"8":{"name":"unauthorized","decl":{"start":{"line":34,"column":16},"end":{"line":34,"column":28}},"loc":{"start":{"line":34,"column":38},"end":{"line":34,"column":null}},"line":34},"9":{"name":"serverError","decl":{"start":{"line":35,"column":16},"end":{"line":35,"column":27}},"loc":{"start":{"line":35,"column":38},"end":{"line":35,"column":null}},"line":35},"10":{"name":"unavailable","decl":{"start":{"line":36,"column":16},"end":{"line":36,"column":27}},"loc":{"start":{"line":36,"column":38},"end":{"line":36,"column":null}},"line":36}},"branchMap":{"0":{"loc":{"start":{"line":18,"column":9},"end":{"line":18,"column":38}},"type":"binary-expr","locations":[{"start":{"line":18,"column":9},"end":{"line":18,"column":31}},{"start":{"line":18,"column":35},"end":{"line":18,"column":38}}],"line":18},"1":{"loc":{"start":{"line":24,"column":51},"end":{"line":24,"column":62}},"type":"default-arg","locations":[{"start":{"line":24,"column":58},"end":{"line":24,"column":62}}],"line":24},"2":{"loc":{"start":{"line":24,"column":64},"end":{"line":24,"column":76}},"type":"default-arg","locations":[{"start":{"line":24,"column":72},"end":{"line":24,"column":76}}],"line":24}},"s":{"0":10,"1":0,"2":75,"3":29,"4":6,"5":21,"6":6,"7":4,"8":2,"9":1,"10":6,"11":0},"f":{"0":0,"1":75,"2":29,"3":6,"4":21,"5":6,"6":4,"7":2,"8":1,"9":6,"10":0},"b":{"0":[0,0],"1":[75],"2":[75]},"meta":{"lastBranch":3,"lastFunction":11,"lastStatement":12,"seen":{"s:5:19:15:1":0,"f:17:16:17:31":0,"s:18:2:18:Infinity":1,"b:18:9:18:31:18:35:18:38":0,"f:24:16:24:29":1,"b:24:58:24:62":1,"b:24:72:24:76":2,"s:25:2:25:Infinity":2,"f:28:16:28:18":2,"s:28:40:28:89":3,"f:29:16:29:23":3,"s:29:40:29:89":4,"f:30:16:30:26":4,"s:30:40:30:96":5,"f:31:16:31:24":5,"s:31:40:31:96":6,"f:32:16:32:24":6,"s:32:40:32:96":7,"f:33:16:33:25":7,"s:33:40:33:96":8,"f:34:16:34:28":8,"s:34:40:34:97":9,"f:35:16:35:27":9,"s:35:40:35:97":10,"f:36:16:36:27":10,"s:36:40:36:96":11}}}
,"/home/ss/project/mitra-flow/src/core/utils/validators.js": {"path":"/home/ss/project/mitra-flow/src/core/utils/validators.js","statementMap":{"0":{"start":{"line":8,"column":2},"end":{"line":10,"column":null}},"1":{"start":{"line":9,"column":40},"end":{"line":9,"column":59}},"2":{"start":{"line":19,"column":16},"end":{"line":19,"column":72}},"3":{"start":{"line":20,"column":17},"end":{"line":20,"column":58}},"4":{"start":{"line":21,"column":2},"end":{"line":21,"column":null}}},"fnMap":{"0":{"name":"whitelist","decl":{"start":{"line":7,"column":16},"end":{"line":7,"column":25}},"loc":{"start":{"line":7,"column":40},"end":{"line":11,"column":null}},"line":7},"1":{"name":"(anonymous_1)","decl":{"start":{"line":9,"column":31},"end":{"line":9,"column":32}},"loc":{"start":{"line":9,"column":40},"end":{"line":9,"column":59}},"line":9},"2":{"name":"parsePagination","decl":{"start":{"line":18,"column":16},"end":{"line":18,"column":31}},"loc":{"start":{"line":18,"column":45},"end":{"line":22,"column":null}},"line":18}},"branchMap":{"0":{"loc":{"start":{"line":18,"column":32},"end":{"line":18,"column":43}},"type":"default-arg","locations":[{"start":{"line":18,"column":41},"end":{"line":18,"column":43}}],"line":18},"1":{"loc":{"start":{"line":19,"column":34},"end":{"line":19,"column":62}},"type":"binary-expr","locations":[{"start":{"line":19,"column":34},"end":{"line":19,"column":56}},{"start":{"line":19,"column":60},"end":{"line":19,"column":62}}],"line":19},"2":{"loc":{"start":{"line":20,"column":26},"end":{"line":20,"column":54}},"type":"binary-expr","locations":[{"start":{"line":20,"column":26},"end":{"line":20,"column":49}},{"start":{"line":20,"column":53},"end":{"line":20,"column":54}}],"line":20}},"s":{"0":11,"1":19,"2":0,"3":0,"4":0},"f":{"0":11,"1":19,"2":0},"b":{"0":[0],"1":[0,0],"2":[0,0]},"meta":{"lastBranch":3,"lastFunction":3,"lastStatement":5,"seen":{"f:7:16:7:25":0,"s:8:2:10:Infinity":0,"f:9:31:9:32":1,"s:9:40:9:59":1,"f:18:16:18:31":2,"b:18:41:18:43":0,"s:19:16:19:72":2,"b:19:34:19:56:19:60:19:62":1,"s:20:17:20:58":3,"b:20:26:20:49:20:53:20:54":2,"s:21:2:21:Infinity":4}}}
}
